{"/Volumes/x/code/hubot-playbook/index.coffee":{"path":"/Volumes/x/code/hubot-playbook/index.coffee","s":{"1":1},"b":{},"f":{},"fnMap":{},"statementMap":{"1":{"start":{"line":1,"column":0},"end":{"line":1,"column":40}}},"branchMap":{}},"/Volumes/x/code/hubot-playbook/src/Playbook.coffee":{"path":"/Volumes/x/code/hubot-playbook/src/Playbook.coffee","s":{"1":1,"2":1,"3":1,"4":38,"5":38,"6":38,"7":38,"8":38,"9":38,"10":38,"11":38,"12":38,"13":14,"14":14,"15":14,"16":36,"17":36,"18":36,"19":7,"20":6,"21":7,"22":7,"23":7,"24":7,"25":32,"26":32,"27":32,"28":25,"29":1,"30":4,"31":4,"32":4,"33":2,"34":2,"35":2,"36":2,"37":1},"b":{"1":[6,1]},"f":{"1":1,"2":38,"3":14,"4":36,"5":7,"6":32,"7":25,"8":1,"9":4,"10":2},"fnMap":{"1":{"name":"Playbook","line":10,"loc":{"start":{"line":10,"column":0},"end":{"line":105,"column":9}},"decl":{"start":{"line":10,"column":6},"end":{"line":10,"column":13}}},"2":{"name":"constructor","line":11,"loc":{"start":{"line":11,"column":15},"end":{"line":20,"column":27}},"decl":{"start":{"line":11,"column":2},"end":{"line":11,"column":25}}},"3":{"name":"director","line":35,"loc":{"start":{"line":35,"column":12},"end":{"line":38,"column":18}},"decl":{"start":{"line":35,"column":2},"end":{"line":35,"column":23}}},"4":{"name":"scene","line":45,"loc":{"start":{"line":45,"column":9},"end":{"line":48,"column":15}},"decl":{"start":{"line":45,"column":2},"end":{"line":45,"column":20}}},"5":{"name":"sceneEnter","line":56,"loc":{"start":{"line":56,"column":14},"end":{"line":61,"column":18}},"decl":{"start":{"line":56,"column":2},"end":{"line":56,"column":25}}},"6":{"name":"sceneListen","line":71,"loc":{"start":{"line":71,"column":15},"end":{"line":74,"column":15}},"decl":{"start":{"line":71,"column":2},"end":{"line":71,"column":55}}},"7":{"name":"sceneHear","line":79,"loc":{"start":{"line":79,"column":13},"end":{"line":80,"column":38}},"decl":{"start":{"line":79,"column":2},"end":{"line":79,"column":24}}},"8":{"name":"sceneRespond","line":85,"loc":{"start":{"line":85,"column":16},"end":{"line":86,"column":41}},"decl":{"start":{"line":85,"column":2},"end":{"line":85,"column":27}}},"9":{"name":"dialogue","line":93,"loc":{"start":{"line":93,"column":12},"end":{"line":96,"column":18}},"decl":{"start":{"line":93,"column":2},"end":{"line":93,"column":23}}},"10":{"name":"shutdown","line":101,"loc":{"start":{"line":101,"column":12},"end":{"line":105,"column":9}},"decl":{"start":{"line":101,"column":2},"end":{"line":101,"column":13}}}},"statementMap":{"1":{"start":{"line":1,"column":0},"end":{"line":1,"column":19}},"2":{"start":{"line":3,"column":0},"end":{"line":3,"column":60}},"3":{"start":{"line":10,"column":0},"end":{"line":105,"column":9}},"4":{"start":{"line":12,"column":4},"end":{"line":12,"column":23}},"5":{"start":{"line":13,"column":4},"end":{"line":13,"column":35}},"6":{"start":{"line":14,"column":4},"end":{"line":14,"column":18}},"7":{"start":{"line":15,"column":4},"end":{"line":15,"column":15}},"8":{"start":{"line":16,"column":4},"end":{"line":16,"column":18}},"9":{"start":{"line":17,"column":4},"end":{"line":17,"column":23}},"10":{"start":{"line":18,"column":4},"end":{"line":18,"column":23}},"11":{"start":{"line":19,"column":4},"end":{"line":19,"column":17}},"12":{"start":{"line":20,"column":4},"end":{"line":20,"column":27}},"13":{"start":{"line":36,"column":4},"end":{"line":36,"column":43}},"14":{"start":{"line":37,"column":4},"end":{"line":37,"column":27}},"15":{"start":{"line":38,"column":4},"end":{"line":38,"column":18}},"16":{"start":{"line":46,"column":4},"end":{"line":46,"column":37}},"17":{"start":{"line":47,"column":4},"end":{"line":47,"column":21}},"18":{"start":{"line":48,"column":4},"end":{"line":48,"column":15}},"19":{"start":{"line":57,"column":4},"end":{"line":57,"column":52}},"20":{"start":{"line":57,"column":4},"end":{"line":57,"column":22}},"21":{"start":{"line":58,"column":4},"end":{"line":58,"column":34}},"22":{"start":{"line":59,"column":4},"end":{"line":59,"column":33}},"23":{"start":{"line":60,"column":4},"end":{"line":60,"column":21}},"24":{"start":{"line":61,"column":4},"end":{"line":61,"column":18}},"25":{"start":{"line":72,"column":4},"end":{"line":72,"column":25}},"26":{"start":{"line":73,"column":4},"end":{"line":73,"column":43}},"27":{"start":{"line":74,"column":4},"end":{"line":74,"column":15}},"28":{"start":{"line":80,"column":4},"end":{"line":80,"column":38}},"29":{"start":{"line":86,"column":4},"end":{"line":86,"column":41}},"30":{"start":{"line":94,"column":4},"end":{"line":94,"column":35}},"31":{"start":{"line":95,"column":4},"end":{"line":95,"column":27}},"32":{"start":{"line":96,"column":4},"end":{"line":96,"column":18}},"33":{"start":{"line":102,"column":4},"end":{"line":102,"column":37}},"34":{"start":{"line":103,"column":4},"end":{"line":103,"column":33}},"35":{"start":{"line":104,"column":4},"end":{"line":104,"column":32}},"36":{"start":{"line":105,"column":4},"end":{"line":105,"column":9}},"37":{"start":{"line":107,"column":0},"end":{"line":107,"column":24}}},"branchMap":{"1":{"line":57,"loc":{"start":{"line":57,"column":4},"end":{"line":57,"column":4}},"type":"if","locations":[{"start":{"line":57,"column":4},"end":{"line":57,"column":4}},{"start":{"line":57,"column":4},"end":{"line":57,"column":4}}]}}},"/Volumes/x/code/hubot-playbook/src/modules/index.coffee":{"path":"/Volumes/x/code/hubot-playbook/src/modules/index.coffee","s":{"1":1,"2":1,"3":1,"4":1,"5":1,"6":1,"7":1},"b":{},"f":{},"fnMap":{},"statementMap":{"1":{"start":{"line":1,"column":0},"end":{"line":1,"column":28}},"2":{"start":{"line":2,"column":0},"end":{"line":2,"column":28}},"3":{"start":{"line":3,"column":0},"end":{"line":3,"column":32}},"4":{"start":{"line":4,"column":0},"end":{"line":4,"column":29}},"5":{"start":{"line":5,"column":0},"end":{"line":5,"column":32}},"6":{"start":{"line":6,"column":0},"end":{"line":6,"column":34}},"7":{"start":{"line":8,"column":0},"end":{"line":15,"column":0}}},"branchMap":{}},"/Volumes/x/code/hubot-playbook/src/modules/Base.coffee":{"path":"/Volumes/x/code/hubot-playbook/src/modules/Base.coffee","s":{"1":1,"2":1,"3":486,"4":1,"5":485,"6":1,"7":484,"8":484,"9":484,"10":20,"11":16,"12":16,"13":16,"14":16,"15":16,"16":20,"17":17,"18":20,"19":390,"20":390,"21":282,"22":97,"23":95,"24":282,"25":1},"b":{"1":[1,485],"2":[1,484],"3":[16,4],"4":[17,3],"5":[95,2]},"f":{"1":1,"2":486,"3":20,"4":390,"5":282,"6":97},"fnMap":{"1":{"name":"Base","line":9,"loc":{"start":{"line":9,"column":0},"end":{"line":47,"column":9}},"decl":{"start":{"line":9,"column":6},"end":{"line":9,"column":9}}},"2":{"name":"constructor","line":10,"loc":{"start":{"line":10,"column":15},"end":{"line":15,"column":21}},"decl":{"start":{"line":10,"column":2},"end":{"line":10,"column":44}}},"3":{"name":"error","line":22,"loc":{"start":{"line":22,"column":9},"end":{"line":27,"column":12}},"decl":{"start":{"line":22,"column":2},"end":{"line":22,"column":16}}},"4":{"name":"emit","line":35,"loc":{"start":{"line":35,"column":8},"end":{"line":37,"column":9}},"decl":{"start":{"line":35,"column":2},"end":{"line":35,"column":26}}},"5":{"name":"on","line":44,"loc":{"start":{"line":44,"column":6},"end":{"line":47,"column":9}},"decl":{"start":{"line":44,"column":2},"end":{"line":44,"column":25}}},"6":{"name":"(anonymous_1)","line":45,"loc":{"start":{"line":45,"column":21},"end":{"line":46,"column":48}},"decl":{"start":{"line":45,"column":21},"end":{"line":45,"column":42}}}},"statementMap":{"1":{"start":{"line":1,"column":0},"end":{"line":1,"column":19}},"2":{"start":{"line":9,"column":0},"end":{"line":47,"column":9}},"3":{"start":{"line":11,"column":4},"end":{"line":11,"column":58}},"4":{"start":{"line":11,"column":4},"end":{"line":11,"column":34}},"5":{"start":{"line":12,"column":4},"end":{"line":12,"column":67}},"6":{"start":{"line":12,"column":4},"end":{"line":12,"column":42}},"7":{"start":{"line":13,"column":4},"end":{"line":13,"column":23}},"8":{"start":{"line":14,"column":4},"end":{"line":14,"column":42}},"9":{"start":{"line":15,"column":4},"end":{"line":15,"column":21}},"10":{"start":{"line":23,"column":4},"end":{"line":25,"column":25}},"11":{"start":{"line":24,"column":6},"end":{"line":24,"column":49}},"12":{"start":{"line":24,"column":15},"end":{"line":24,"column":48}},"13":{"start":{"line":24,"column":17},"end":{"line":24,"column":36}},"14":{"start":{"line":24,"column":44},"end":{"line":24,"column":46}},"15":{"start":{"line":25,"column":6},"end":{"line":25,"column":25}},"16":{"start":{"line":26,"column":4},"end":{"line":26,"column":38}},"17":{"start":{"line":26,"column":4},"end":{"line":26,"column":27}},"18":{"start":{"line":27,"column":4},"end":{"line":27,"column":12}},"19":{"start":{"line":36,"column":4},"end":{"line":36,"column":32}},"20":{"start":{"line":37,"column":4},"end":{"line":37,"column":9}},"21":{"start":{"line":45,"column":4},"end":{"line":46,"column":48}},"22":{"start":{"line":46,"column":6},"end":{"line":46,"column":48}},"23":{"start":{"line":46,"column":6},"end":{"line":46,"column":31}},"24":{"start":{"line":47,"column":4},"end":{"line":47,"column":9}},"25":{"start":{"line":49,"column":0},"end":{"line":49,"column":20}}},"branchMap":{"1":{"line":11,"loc":{"start":{"line":11,"column":4},"end":{"line":11,"column":4}},"type":"if","locations":[{"start":{"line":11,"column":4},"end":{"line":11,"column":4}},{"start":{"line":11,"column":4},"end":{"line":11,"column":4}}]},"2":{"line":12,"loc":{"start":{"line":12,"column":4},"end":{"line":12,"column":4}},"type":"if","locations":[{"start":{"line":12,"column":4},"end":{"line":12,"column":4}},{"start":{"line":12,"column":4},"end":{"line":12,"column":4}}]},"3":{"line":23,"loc":{"start":{"line":23,"column":4},"end":{"line":23,"column":4}},"type":"if","locations":[{"start":{"line":23,"column":4},"end":{"line":23,"column":4}},{"start":{"line":23,"column":4},"end":{"line":23,"column":4}}]},"4":{"line":26,"loc":{"start":{"line":26,"column":4},"end":{"line":26,"column":4}},"type":"if","locations":[{"start":{"line":26,"column":4},"end":{"line":26,"column":4}},{"start":{"line":26,"column":4},"end":{"line":26,"column":4}}]},"5":{"line":46,"loc":{"start":{"line":46,"column":6},"end":{"line":46,"column":6}},"type":"if","locations":[{"start":{"line":46,"column":6},"end":{"line":46,"column":6}},{"start":{"line":46,"column":6},"end":{"line":46,"column":6}}]}}},"/Volumes/x/code/hubot-playbook/src/modules/Path.coffee":{"path":"/Volumes/x/code/hubot-playbook/src/modules/Path.coffee","s":{"1":1,"2":1,"3":1,"4":96,"5":96,"6":96,"7":96,"8":61,"9":1,"10":60,"11":12,"12":60,"13":165,"14":201,"15":1,"16":200,"17":159,"18":200,"19":70,"20":200,"21":1,"22":199,"23":34,"24":17,"25":34,"26":23,"27":199,"28":199,"29":16,"30":7,"31":9,"32":6,"33":6,"34":6,"35":2,"36":48,"37":48,"38":108,"39":108,"40":48,"41":38,"42":48,"43":1},"b":{"1":[61,35],"2":[1,60],"3":[12,48],"4":[1,200],"5":[159,41],"6":[70,130],"7":[1,199],"8":[17,17],"9":[23,11],"10":[7,9],"11":[6,0],"12":[2,4],"13":[38,10]},"f":{"1":1,"2":96,"3":165,"4":201,"5":34,"6":16,"7":6,"8":48,"9":108},"fnMap":{"1":{"name":"Path","line":15,"loc":{"start":{"line":15,"column":0},"end":{"line":69,"column":28}},"decl":{"start":{"line":15,"column":6},"end":{"line":15,"column":9}}},"2":{"name":"constructor","line":16,"loc":{"start":{"line":16,"column":15},"end":{"line":23,"column":57}},"decl":{"start":{"line":16,"column":2},"end":{"line":16,"column":40}}},"3":{"name":"(anonymous_1)","line":23,"loc":{"start":{"line":23,"column":26},"end":{"line":23,"column":57}},"decl":{"start":{"line":23,"column":26},"end":{"line":23,"column":36}}},"4":{"name":"addBranch","line":32,"loc":{"start":{"line":32,"column":13},"end":{"line":41,"column":9}},"decl":{"start":{"line":32,"column":2},"end":{"line":32,"column":31}}},"5":{"name":"handler","line":37,"loc":{"start":{"line":37,"column":42},"end":{"line":39,"column":40}},"decl":{"start":{"line":37,"column":33},"end":{"line":37,"column":59}}},"6":{"name":"catch","line":49,"loc":{"start":{"line":49,"column":9},"end":{"line":53,"column":66}},"decl":{"start":{"line":49,"column":2},"end":{"line":49,"column":10}}},"7":{"name":"handler","line":51,"loc":{"start":{"line":51,"column":20},"end":{"line":53,"column":66}},"decl":{"start":{"line":51,"column":11},"end":{"line":51,"column":37}}},"8":{"name":"match","line":63,"loc":{"start":{"line":63,"column":9},"end":{"line":69,"column":28}},"decl":{"start":{"line":63,"column":2},"end":{"line":63,"column":16}}},"9":{"name":"(anonymous_2)","line":65,"loc":{"start":{"line":65,"column":31},"end":{"line":67,"column":21}},"decl":{"start":{"line":65,"column":31},"end":{"line":65,"column":41}}}},"statementMap":{"1":{"start":{"line":1,"column":0},"end":{"line":1,"column":19}},"2":{"start":{"line":2,"column":0},"end":{"line":2,"column":22}},"3":{"start":{"line":15,"column":0},"end":{"line":69,"column":28}},"4":{"start":{"line":17,"column":4},"end":{"line":17,"column":28}},"5":{"start":{"line":18,"column":4},"end":{"line":18,"column":17}},"6":{"start":{"line":19,"column":4},"end":{"line":19,"column":17}},"7":{"start":{"line":20,"column":4},"end":{"line":23,"column":57}},"8":{"start":{"line":21,"column":6},"end":{"line":21,"column":62}},"9":{"start":{"line":21,"column":6},"end":{"line":21,"column":36}},"10":{"start":{"line":22,"column":6},"end":{"line":22,"column":55}},"11":{"start":{"line":22,"column":6},"end":{"line":22,"column":26}},"12":{"start":{"line":23,"column":6},"end":{"line":23,"column":57}},"13":{"start":{"line":23,"column":38},"end":{"line":23,"column":57}},"14":{"start":{"line":33,"column":4},"end":{"line":33,"column":61}},"15":{"start":{"line":33,"column":4},"end":{"line":33,"column":37}},"16":{"start":{"line":34,"column":4},"end":{"line":34,"column":47}},"17":{"start":{"line":34,"column":4},"end":{"line":34,"column":25}},"18":{"start":{"line":35,"column":4},"end":{"line":35,"column":50}},"19":{"start":{"line":35,"column":4},"end":{"line":35,"column":26}},"20":{"start":{"line":36,"column":4},"end":{"line":36,"column":64}},"21":{"start":{"line":36,"column":4},"end":{"line":36,"column":35}},"22":{"start":{"line":37,"column":4},"end":{"line":39,"column":40}},"23":{"start":{"line":38,"column":6},"end":{"line":38,"column":38}},"24":{"start":{"line":38,"column":6},"end":{"line":38,"column":26}},"25":{"start":{"line":39,"column":6},"end":{"line":39,"column":40}},"26":{"start":{"line":39,"column":6},"end":{"line":39,"column":27}},"27":{"start":{"line":40,"column":4},"end":{"line":40,"column":18}},"28":{"start":{"line":41,"column":4},"end":{"line":41,"column":9}},"29":{"start":{"line":50,"column":4},"end":{"line":50,"column":62}},"30":{"start":{"line":50,"column":4},"end":{"line":50,"column":9}},"31":{"start":{"line":51,"column":4},"end":{"line":53,"column":66}},"32":{"start":{"line":52,"column":6},"end":{"line":52,"column":64}},"33":{"start":{"line":52,"column":6},"end":{"line":52,"column":39}},"34":{"start":{"line":53,"column":6},"end":{"line":53,"column":66}},"35":{"start":{"line":53,"column":6},"end":{"line":53,"column":40}},"36":{"start":{"line":64,"column":4},"end":{"line":64,"column":26}},"37":{"start":{"line":65,"column":4},"end":{"line":67,"column":21}},"38":{"start":{"line":66,"column":6},"end":{"line":66,"column":40}},"39":{"start":{"line":67,"column":6},"end":{"line":67,"column":21}},"40":{"start":{"line":68,"column":4},"end":{"line":68,"column":28}},"41":{"start":{"line":68,"column":4},"end":{"line":68,"column":17}},"42":{"start":{"line":69,"column":4},"end":{"line":69,"column":28}},"43":{"start":{"line":71,"column":0},"end":{"line":71,"column":20}}},"branchMap":{"1":{"line":20,"loc":{"start":{"line":20,"column":4},"end":{"line":20,"column":4}},"type":"if","locations":[{"start":{"line":20,"column":4},"end":{"line":20,"column":4}},{"start":{"line":20,"column":4},"end":{"line":20,"column":4}}]},"2":{"line":21,"loc":{"start":{"line":21,"column":6},"end":{"line":21,"column":6}},"type":"if","locations":[{"start":{"line":21,"column":6},"end":{"line":21,"column":6}},{"start":{"line":21,"column":6},"end":{"line":21,"column":6}}]},"3":{"line":22,"loc":{"start":{"line":22,"column":6},"end":{"line":22,"column":6}},"type":"if","locations":[{"start":{"line":22,"column":6},"end":{"line":22,"column":6}},{"start":{"line":22,"column":6},"end":{"line":22,"column":6}}]},"4":{"line":33,"loc":{"start":{"line":33,"column":4},"end":{"line":33,"column":4}},"type":"if","locations":[{"start":{"line":33,"column":4},"end":{"line":33,"column":4}},{"start":{"line":33,"column":4},"end":{"line":33,"column":4}}]},"5":{"line":34,"loc":{"start":{"line":34,"column":4},"end":{"line":34,"column":4}},"type":"if","locations":[{"start":{"line":34,"column":4},"end":{"line":34,"column":4}},{"start":{"line":34,"column":4},"end":{"line":34,"column":4}}]},"6":{"line":35,"loc":{"start":{"line":35,"column":4},"end":{"line":35,"column":4}},"type":"if","locations":[{"start":{"line":35,"column":4},"end":{"line":35,"column":4}},{"start":{"line":35,"column":4},"end":{"line":35,"column":4}}]},"7":{"line":36,"loc":{"start":{"line":36,"column":4},"end":{"line":36,"column":4}},"type":"if","locations":[{"start":{"line":36,"column":4},"end":{"line":36,"column":4}},{"start":{"line":36,"column":4},"end":{"line":36,"column":4}}]},"8":{"line":38,"loc":{"start":{"line":38,"column":6},"end":{"line":38,"column":6}},"type":"if","locations":[{"start":{"line":38,"column":6},"end":{"line":38,"column":6}},{"start":{"line":38,"column":6},"end":{"line":38,"column":6}}]},"9":{"line":39,"loc":{"start":{"line":39,"column":6},"end":{"line":39,"column":6}},"type":"if","locations":[{"start":{"line":39,"column":6},"end":{"line":39,"column":6}},{"start":{"line":39,"column":6},"end":{"line":39,"column":6}}]},"10":{"line":50,"loc":{"start":{"line":50,"column":4},"end":{"line":50,"column":4}},"type":"if","locations":[{"start":{"line":50,"column":4},"end":{"line":50,"column":4}},{"start":{"line":50,"column":4},"end":{"line":50,"column":4}}]},"11":{"line":52,"loc":{"start":{"line":52,"column":6},"end":{"line":52,"column":6}},"type":"if","locations":[{"start":{"line":52,"column":6},"end":{"line":52,"column":6}},{"start":{"line":52,"column":6},"end":{"line":52,"column":6}}]},"12":{"line":53,"loc":{"start":{"line":53,"column":6},"end":{"line":53,"column":6}},"type":"if","locations":[{"start":{"line":53,"column":6},"end":{"line":53,"column":6}},{"start":{"line":53,"column":6},"end":{"line":53,"column":6}}]},"13":{"line":68,"loc":{"start":{"line":68,"column":4},"end":{"line":68,"column":4}},"type":"if","locations":[{"start":{"line":68,"column":4},"end":{"line":68,"column":4}},{"start":{"line":68,"column":4},"end":{"line":68,"column":4}}]}}},"/Volumes/x/code/hubot-playbook/src/modules/Dialogue.coffee":{"path":"/Volumes/x/code/hubot-playbook/src/modules/Dialogue.coffee","s":{"1":1,"2":1,"3":1,"4":1,"5":153,"6":153,"7":153,"8":153,"9":153,"10":47,"11":2,"12":45,"13":3,"14":45,"15":26,"16":26,"17":26,"18":21,"19":5,"20":19,"21":45,"22":45,"23":45,"24":65,"25":23,"26":42,"27":65,"28":65,"29":17,"30":7,"31":10,"32":8,"33":17,"34":55,"35":55,"36":55,"37":86,"38":6,"39":86,"40":14,"41":14,"42":14,"43":1,"44":13,"45":13,"46":86,"47":66,"48":23,"49":66,"50":46,"51":66,"52":28,"53":38,"54":66,"55":66,"56":23,"57":66,"58":46,"59":66,"60":28,"61":14,"62":28,"63":28,"64":28,"65":44,"66":5,"67":39,"68":39,"69":39,"70":39,"71":39,"72":32,"73":32,"74":32,"75":7,"76":4,"77":4,"78":3,"79":39,"80":21,"81":39,"82":1},"b":{"1":[2,45],"2":[3,42],"3":[26,19],"4":[21,5],"5":[23,42],"6":[7,10],"7":[8,2],"8":[6,80],"9":[23,43],"10":[46,20],"11":[28,38],"12":[23,43],"13":[46,20],"14":[14,14],"15":[5,39],"16":[32,7],"17":[4,3],"18":[21,18]},"f":{"1":1,"2":153,"3":47,"4":65,"5":17,"6":55,"7":86,"8":14,"9":66,"10":28,"11":44},"fnMap":{"1":{"name":"Dialogue","line":11,"loc":{"start":{"line":11,"column":0},"end":{"line":139,"column":9}},"decl":{"start":{"line":11,"column":6},"end":{"line":11,"column":13}}},"2":{"name":"constructor","line":12,"loc":{"start":{"line":12,"column":15},"end":{"line":21,"column":17}},"decl":{"start":{"line":12,"column":2},"end":{"line":12,"column":29}}},"3":{"name":"end","line":27,"loc":{"start":{"line":27,"column":7},"end":{"line":36,"column":16}},"decl":{"start":{"line":27,"column":2},"end":{"line":27,"column":8}}},"4":{"name":"send","line":44,"loc":{"start":{"line":44,"column":8},"end":{"line":47,"column":9}},"decl":{"start":{"line":44,"column":2},"end":{"line":44,"column":16}}},"5":{"name":"onTimeout","line":54,"loc":{"start":{"line":54,"column":13},"end":{"line":59,"column":9}},"decl":{"start":{"line":54,"column":2},"end":{"line":54,"column":25}}},"6":{"name":"clearTimeout","line":64,"loc":{"start":{"line":64,"column":16},"end":{"line":67,"column":9}},"decl":{"start":{"line":64,"column":2},"end":{"line":64,"column":17}}},"7":{"name":"startTimeout","line":73,"loc":{"start":{"line":73,"column":16},"end":{"line":81,"column":20}},"decl":{"start":{"line":73,"column":2},"end":{"line":73,"column":17}}},"8":{"name":"(anonymous_1)","line":75,"loc":{"start":{"line":75,"column":28},"end":{"line":79,"column":11}},"decl":{"start":{"line":75,"column":28},"end":{"line":75,"column":29}}},"9":{"name":"addPath","line":95,"loc":{"start":{"line":95,"column":11},"end":{"line":102,"column":15}},"decl":{"start":{"line":95,"column":2},"end":{"line":95,"column":22}}},"10":{"name":"addBranch","line":110,"loc":{"start":{"line":110,"column":13},"end":{"line":114,"column":9}},"decl":{"start":{"line":110,"column":2},"end":{"line":110,"column":24}}},"11":{"name":"receive","line":125,"loc":{"start":{"line":125,"column":11},"end":{"line":139,"column":9}},"decl":{"start":{"line":125,"column":2},"end":{"line":125,"column":19}}}},"statementMap":{"1":{"start":{"line":1,"column":0},"end":{"line":1,"column":19}},"2":{"start":{"line":2,"column":0},"end":{"line":2,"column":22}},"3":{"start":{"line":3,"column":0},"end":{"line":3,"column":22}},"4":{"start":{"line":11,"column":0},"end":{"line":139,"column":9}},"5":{"start":{"line":13,"column":4},"end":{"line":17,"column":39}},"6":{"start":{"line":18,"column":4},"end":{"line":18,"column":37}},"7":{"start":{"line":19,"column":4},"end":{"line":19,"column":15}},"8":{"start":{"line":20,"column":4},"end":{"line":20,"column":15}},"9":{"start":{"line":21,"column":4},"end":{"line":21,"column":17}},"10":{"start":{"line":28,"column":4},"end":{"line":28,"column":25}},"11":{"start":{"line":28,"column":4},"end":{"line":28,"column":15}},"12":{"start":{"line":29,"column":4},"end":{"line":29,"column":33}},"13":{"start":{"line":29,"column":4},"end":{"line":29,"column":18}},"14":{"start":{"line":30,"column":4},"end":{"line":33,"column":49}},"15":{"start":{"line":31,"column":6},"end":{"line":31,"column":77}},"16":{"start":{"line":31,"column":17},"end":{"line":31,"column":77}},"17":{"start":{"line":31,"column":34},"end":{"line":31,"column":66}},"18":{"start":{"line":31,"column":55},"end":{"line":31,"column":56}},"19":{"start":{"line":31,"column":63},"end":{"line":31,"column":66}},"20":{"start":{"line":33,"column":6},"end":{"line":33,"column":49}},"21":{"start":{"line":34,"column":4},"end":{"line":34,"column":20}},"22":{"start":{"line":35,"column":4},"end":{"line":35,"column":16}},"23":{"start":{"line":36,"column":4},"end":{"line":36,"column":16}},"24":{"start":{"line":45,"column":4},"end":{"line":45,"column":66}},"25":{"start":{"line":45,"column":32},"end":{"line":45,"column":46}},"26":{"start":{"line":45,"column":53},"end":{"line":45,"column":66}},"27":{"start":{"line":46,"column":4},"end":{"line":46,"column":21}},"28":{"start":{"line":47,"column":4},"end":{"line":47,"column":9}},"29":{"start":{"line":55,"column":4},"end":{"line":58,"column":54}},"30":{"start":{"line":56,"column":6},"end":{"line":56,"column":26}},"31":{"start":{"line":58,"column":6},"end":{"line":58,"column":54}},"32":{"start":{"line":58,"column":6},"end":{"line":58,"column":30}},"33":{"start":{"line":59,"column":4},"end":{"line":59,"column":9}},"34":{"start":{"line":65,"column":4},"end":{"line":65,"column":26}},"35":{"start":{"line":66,"column":4},"end":{"line":66,"column":20}},"36":{"start":{"line":67,"column":4},"end":{"line":67,"column":9}},"37":{"start":{"line":74,"column":4},"end":{"line":74,"column":32}},"38":{"start":{"line":74,"column":4},"end":{"line":74,"column":17}},"39":{"start":{"line":75,"column":4},"end":{"line":80,"column":20}},"40":{"start":{"line":76,"column":6},"end":{"line":76,"column":26}},"41":{"start":{"line":77,"column":6},"end":{"line":77,"column":47}},"42":{"start":{"line":77,"column":10},"end":{"line":77,"column":21}},"43":{"start":{"line":77,"column":38},"end":{"line":77,"column":47}},"44":{"start":{"line":78,"column":6},"end":{"line":78,"column":22}},"45":{"start":{"line":79,"column":6},"end":{"line":79,"column":11}},"46":{"start":{"line":81,"column":4},"end":{"line":81,"column":20}},"47":{"start":{"line":96,"column":4},"end":{"line":96,"column":46}},"48":{"start":{"line":96,"column":4},"end":{"line":96,"column":24}},"49":{"start":{"line":97,"column":4},"end":{"line":97,"column":47}},"50":{"start":{"line":97,"column":4},"end":{"line":97,"column":26}},"51":{"start":{"line":98,"column":4},"end":{"line":98,"column":64}},"52":{"start":{"line":98,"column":38},"end":{"line":98,"column":56}},"53":{"start":{"line":98,"column":63},"end":{"line":98,"column":64}},"54":{"start":{"line":99,"column":4},"end":{"line":99,"column":43}},"55":{"start":{"line":100,"column":4},"end":{"line":100,"column":26}},"56":{"start":{"line":100,"column":4},"end":{"line":100,"column":15}},"57":{"start":{"line":101,"column":4},"end":{"line":101,"column":31}},"58":{"start":{"line":101,"column":4},"end":{"line":101,"column":18}},"59":{"start":{"line":102,"column":4},"end":{"line":102,"column":15}},"60":{"start":{"line":111,"column":4},"end":{"line":111,"column":27}},"61":{"start":{"line":111,"column":4},"end":{"line":111,"column":13}},"62":{"start":{"line":112,"column":4},"end":{"line":112,"column":26}},"63":{"start":{"line":113,"column":4},"end":{"line":113,"column":18}},"64":{"start":{"line":114,"column":4},"end":{"line":114,"column":9}},"65":{"start":{"line":126,"column":4},"end":{"line":126,"column":25}},"66":{"start":{"line":126,"column":4},"end":{"line":126,"column":15}},"67":{"start":{"line":127,"column":4},"end":{"line":127,"column":56}},"68":{"start":{"line":127,"column":15},"end":{"line":127,"column":55}},"69":{"start":{"line":127,"column":37},"end":{"line":127,"column":40}},"70":{"start":{"line":128,"column":4},"end":{"line":128,"column":28}},"71":{"start":{"line":129,"column":4},"end":{"line":137,"column":27}},"72":{"start":{"line":130,"column":6},"end":{"line":130,"column":20}},"73":{"start":{"line":131,"column":6},"end":{"line":131,"column":24}},"74":{"start":{"line":132,"column":6},"end":{"line":132,"column":27}},"75":{"start":{"line":133,"column":9},"end":{"line":137,"column":27}},"76":{"start":{"line":134,"column":6},"end":{"line":134,"column":24}},"77":{"start":{"line":135,"column":6},"end":{"line":135,"column":27}},"78":{"start":{"line":137,"column":6},"end":{"line":137,"column":27}},"79":{"start":{"line":138,"column":4},"end":{"line":138,"column":25}},"80":{"start":{"line":138,"column":4},"end":{"line":138,"column":9}},"81":{"start":{"line":139,"column":4},"end":{"line":139,"column":9}},"82":{"start":{"line":141,"column":0},"end":{"line":141,"column":24}}},"branchMap":{"1":{"line":28,"loc":{"start":{"line":28,"column":4},"end":{"line":28,"column":4}},"type":"if","locations":[{"start":{"line":28,"column":4},"end":{"line":28,"column":4}},{"start":{"line":28,"column":4},"end":{"line":28,"column":4}}]},"2":{"line":29,"loc":{"start":{"line":29,"column":4},"end":{"line":29,"column":4}},"type":"if","locations":[{"start":{"line":29,"column":4},"end":{"line":29,"column":4}},{"start":{"line":29,"column":4},"end":{"line":29,"column":4}}]},"3":{"line":30,"loc":{"start":{"line":30,"column":4},"end":{"line":30,"column":4}},"type":"if","locations":[{"start":{"line":30,"column":4},"end":{"line":30,"column":4}},{"start":{"line":30,"column":4},"end":{"line":30,"column":4}}]},"4":{"line":31,"loc":{"start":{"line":31,"column":34},"end":{"line":31,"column":34}},"type":"if","locations":[{"start":{"line":31,"column":34},"end":{"line":31,"column":34}},{"start":{"line":31,"column":34},"end":{"line":31,"column":34}}]},"5":{"line":45,"loc":{"start":{"line":45,"column":4},"end":{"line":45,"column":4}},"type":"if","locations":[{"start":{"line":45,"column":4},"end":{"line":45,"column":4}},{"start":{"line":45,"column":4},"end":{"line":45,"column":4}}]},"6":{"line":55,"loc":{"start":{"line":55,"column":4},"end":{"line":55,"column":4}},"type":"if","locations":[{"start":{"line":55,"column":4},"end":{"line":55,"column":4}},{"start":{"line":55,"column":4},"end":{"line":55,"column":4}}]},"7":{"line":58,"loc":{"start":{"line":58,"column":6},"end":{"line":58,"column":6}},"type":"if","locations":[{"start":{"line":58,"column":6},"end":{"line":58,"column":6}},{"start":{"line":58,"column":6},"end":{"line":58,"column":6}}]},"8":{"line":74,"loc":{"start":{"line":74,"column":4},"end":{"line":74,"column":4}},"type":"if","locations":[{"start":{"line":74,"column":4},"end":{"line":74,"column":4}},{"start":{"line":74,"column":4},"end":{"line":74,"column":4}}]},"9":{"line":96,"loc":{"start":{"line":96,"column":4},"end":{"line":96,"column":4}},"type":"if","locations":[{"start":{"line":96,"column":4},"end":{"line":96,"column":4}},{"start":{"line":96,"column":4},"end":{"line":96,"column":4}}]},"10":{"line":97,"loc":{"start":{"line":97,"column":4},"end":{"line":97,"column":4}},"type":"if","locations":[{"start":{"line":97,"column":4},"end":{"line":97,"column":4}},{"start":{"line":97,"column":4},"end":{"line":97,"column":4}}]},"11":{"line":98,"loc":{"start":{"line":98,"column":11},"end":{"line":98,"column":11}},"type":"if","locations":[{"start":{"line":98,"column":11},"end":{"line":98,"column":11}},{"start":{"line":98,"column":11},"end":{"line":98,"column":11}}]},"12":{"line":100,"loc":{"start":{"line":100,"column":4},"end":{"line":100,"column":4}},"type":"if","locations":[{"start":{"line":100,"column":4},"end":{"line":100,"column":4}},{"start":{"line":100,"column":4},"end":{"line":100,"column":4}}]},"13":{"line":101,"loc":{"start":{"line":101,"column":4},"end":{"line":101,"column":4}},"type":"if","locations":[{"start":{"line":101,"column":4},"end":{"line":101,"column":4}},{"start":{"line":101,"column":4},"end":{"line":101,"column":4}}]},"14":{"line":111,"loc":{"start":{"line":111,"column":4},"end":{"line":111,"column":4}},"type":"if","locations":[{"start":{"line":111,"column":4},"end":{"line":111,"column":4}},{"start":{"line":111,"column":4},"end":{"line":111,"column":4}}]},"15":{"line":126,"loc":{"start":{"line":126,"column":4},"end":{"line":126,"column":4}},"type":"if","locations":[{"start":{"line":126,"column":4},"end":{"line":126,"column":4}},{"start":{"line":126,"column":4},"end":{"line":126,"column":4}}]},"16":{"line":129,"loc":{"start":{"line":129,"column":4},"end":{"line":129,"column":4}},"type":"if","locations":[{"start":{"line":129,"column":4},"end":{"line":129,"column":4}},{"start":{"line":129,"column":4},"end":{"line":129,"column":4}}]},"17":{"line":133,"loc":{"start":{"line":133,"column":9},"end":{"line":133,"column":9}},"type":"if","locations":[{"start":{"line":133,"column":9},"end":{"line":133,"column":9}},{"start":{"line":133,"column":9},"end":{"line":133,"column":9}}]},"18":{"line":138,"loc":{"start":{"line":138,"column":4},"end":{"line":138,"column":4}},"type":"if","locations":[{"start":{"line":138,"column":4},"end":{"line":138,"column":4}},{"start":{"line":138,"column":4},"end":{"line":138,"column":4}}]}}},"/Volumes/x/code/hubot-playbook/src/modules/Scene.coffee":{"path":"/Volumes/x/code/hubot-playbook/src/modules/Scene.coffee","s":{"1":1,"2":1,"3":1,"4":1,"5":114,"6":46,"7":68,"8":114,"9":1,"10":113,"11":113,"12":113,"13":113,"14":19,"15":113,"16":158,"17":158,"18":158,"19":158,"20":15,"21":15,"22":15,"23":15,"24":15,"25":15,"26":143,"27":143,"28":143,"29":143,"30":158,"31":47,"32":1,"33":46,"34":1,"35":45,"36":1,"37":44,"38":31,"39":31,"40":31,"41":44,"42":5,"43":1,"44":262,"45":28,"46":169,"47":65,"48":65,"49":65,"50":65,"51":75,"52":75,"53":1,"54":74,"55":74,"56":5,"57":74,"58":15,"59":15,"60":15,"61":10,"62":5,"63":74,"64":74,"65":74,"66":74,"67":74,"68":74,"69":74,"70":26,"71":26,"72":26,"73":20,"74":20,"75":20,"76":20,"77":20,"78":20,"79":20,"80":20,"81":20,"82":6,"83":6,"84":6,"85":6,"86":6,"87":5,"88":5,"89":5,"90":5,"91":5,"92":5,"93":2,"94":93,"95":1},"b":{"1":[46,68],"2":[1,113],"3":[19,94],"4":[15,143],"5":[1,46],"6":[1,45],"7":[1,44],"8":[31,0],"9":[28,169,65],"10":[1,74],"11":[10,5],"12":[20,6]},"f":{"1":1,"2":114,"3":158,"4":158,"5":47,"6":31,"7":5,"8":1,"9":262,"10":75,"11":5,"12":15,"13":26,"14":5,"15":2,"16":93},"fnMap":{"1":{"name":"Scene","line":16,"loc":{"start":{"line":16,"column":0},"end":{"line":151,"column":41}},"decl":{"start":{"line":16,"column":6},"end":{"line":16,"column":10}}},"2":{"name":"constructor","line":17,"loc":{"start":{"line":17,"column":15},"end":{"line":29,"column":68}},"decl":{"start":{"line":17,"column":2},"end":{"line":17,"column":33}}},"3":{"name":"(anonymous_1)","line":29,"loc":{"start":{"line":29,"column":29},"end":{"line":29,"column":68}},"decl":{"start":{"line":29,"column":29},"end":{"line":29,"column":40}}},"4":{"name":"middleware","line":37,"loc":{"start":{"line":37,"column":14},"end":{"line":50,"column":9}},"decl":{"start":{"line":37,"column":2},"end":{"line":37,"column":37}}},"5":{"name":"listen","line":58,"loc":{"start":{"line":58,"column":10},"end":{"line":67,"column":9}},"decl":{"start":{"line":58,"column":2},"end":{"line":58,"column":35}}},"6":{"name":"(anonymous_2)","line":64,"loc":{"start":{"line":64,"column":43},"end":{"line":66,"column":40}},"decl":{"start":{"line":64,"column":43},"end":{"line":64,"column":50}}},"7":{"name":"hear","line":72,"loc":{"start":{"line":72,"column":8},"end":{"line":72,"column":50}},"decl":{"start":{"line":72,"column":2},"end":{"line":72,"column":19}}},"8":{"name":"respond","line":77,"loc":{"start":{"line":77,"column":11},"end":{"line":77,"column":56}},"decl":{"start":{"line":77,"column":2},"end":{"line":77,"column":22}}},"9":{"name":"whoSpeaks","line":84,"loc":{"start":{"line":84,"column":13},"end":{"line":88,"column":79}},"decl":{"start":{"line":84,"column":2},"end":{"line":84,"column":20}}},"10":{"name":"enter","line":96,"loc":{"start":{"line":96,"column":9},"end":{"line":107,"column":18}},"decl":{"start":{"line":96,"column":2},"end":{"line":96,"column":25}}},"11":{"name":"(anonymous_3)","line":100,"loc":{"start":{"line":100,"column":27},"end":{"line":101,"column":25}},"decl":{"start":{"line":100,"column":27},"end":{"line":100,"column":39}}},"12":{"name":"(anonymous_4)","line":102,"loc":{"start":{"line":102,"column":23},"end":{"line":103,"column":68}},"decl":{"start":{"line":102,"column":23},"end":{"line":102,"column":35}}},"13":{"name":"exit","line":115,"loc":{"start":{"line":115,"column":8},"end":{"line":125,"column":15}},"decl":{"start":{"line":115,"column":2},"end":{"line":115,"column":23}}},"14":{"name":"exitAll","line":130,"loc":{"start":{"line":130,"column":11},"end":{"line":134,"column":9}},"decl":{"start":{"line":130,"column":2},"end":{"line":130,"column":12}}},"15":{"name":"getDialogue","line":141,"loc":{"start":{"line":141,"column":15},"end":{"line":142,"column":32}},"decl":{"start":{"line":141,"column":2},"end":{"line":141,"column":31}}},"16":{"name":"inDialogue","line":150,"loc":{"start":{"line":150,"column":14},"end":{"line":151,"column":41}},"decl":{"start":{"line":150,"column":2},"end":{"line":150,"column":30}}}},"statementMap":{"1":{"start":{"line":1,"column":0},"end":{"line":1,"column":19}},"2":{"start":{"line":2,"column":0},"end":{"line":2,"column":22}},"3":{"start":{"line":3,"column":0},"end":{"line":3,"column":30}},"4":{"start":{"line":16,"column":0},"end":{"line":151,"column":41}},"5":{"start":{"line":18,"column":4},"end":{"line":18,"column":62}},"6":{"start":{"line":18,"column":39},"end":{"line":18,"column":50}},"7":{"start":{"line":18,"column":57},"end":{"line":18,"column":62}},"8":{"start":{"line":19,"column":4},"end":{"line":19,"column":75}},"9":{"start":{"line":19,"column":4},"end":{"line":19,"column":30}},"10":{"start":{"line":21,"column":4},"end":{"line":21,"column":32}},"11":{"start":{"line":22,"column":4},"end":{"line":22,"column":23}},"12":{"start":{"line":23,"column":4},"end":{"line":23,"column":16}},"13":{"start":{"line":26,"column":4},"end":{"line":26,"column":49}},"14":{"start":{"line":26,"column":4},"end":{"line":26,"column":30}},"15":{"start":{"line":29,"column":4},"end":{"line":29,"column":68}},"16":{"start":{"line":29,"column":42},"end":{"line":29,"column":68}},"17":{"start":{"line":38,"column":4},"end":{"line":38,"column":25}},"18":{"start":{"line":39,"column":4},"end":{"line":39,"column":32}},"19":{"start":{"line":42,"column":4},"end":{"line":48,"column":68}},"20":{"start":{"line":43,"column":6},"end":{"line":43,"column":65}},"21":{"start":{"line":43,"column":19},"end":{"line":43,"column":65}},"22":{"start":{"line":43,"column":21},"end":{"line":43,"column":32}},"23":{"start":{"line":44,"column":6},"end":{"line":44,"column":17}},"24":{"start":{"line":45,"column":6},"end":{"line":45,"column":39}},"25":{"start":{"line":46,"column":6},"end":{"line":46,"column":11}},"26":{"start":{"line":48,"column":6},"end":{"line":48,"column":68}},"27":{"start":{"line":48,"column":19},"end":{"line":48,"column":68}},"28":{"start":{"line":48,"column":21},"end":{"line":48,"column":32}},"29":{"start":{"line":49,"column":6},"end":{"line":49,"column":14}},"30":{"start":{"line":50,"column":4},"end":{"line":50,"column":9}},"31":{"start":{"line":59,"column":4},"end":{"line":59,"column":68}},"32":{"start":{"line":59,"column":4},"end":{"line":59,"column":33}},"33":{"start":{"line":60,"column":4},"end":{"line":60,"column":62}},"34":{"start":{"line":60,"column":4},"end":{"line":60,"column":38}},"35":{"start":{"line":61,"column":4},"end":{"line":61,"column":70}},"36":{"start":{"line":61,"column":4},"end":{"line":61,"column":41}},"37":{"start":{"line":64,"column":4},"end":{"line":66,"column":40}},"38":{"start":{"line":65,"column":6},"end":{"line":65,"column":26}},"39":{"start":{"line":66,"column":6},"end":{"line":66,"column":40}},"40":{"start":{"line":66,"column":6},"end":{"line":66,"column":27}},"41":{"start":{"line":67,"column":4},"end":{"line":67,"column":9}},"42":{"start":{"line":72,"column":21},"end":{"line":72,"column":50}},"43":{"start":{"line":77,"column":24},"end":{"line":77,"column":56}},"44":{"start":{"line":85,"column":4},"end":{"line":88,"column":79}},"45":{"start":{"line":86,"column":23},"end":{"line":86,"column":56}},"46":{"start":{"line":87,"column":23},"end":{"line":87,"column":59}},"47":{"start":{"line":88,"column":25},"end":{"line":88,"column":79}},"48":{"start":{"line":88,"column":34},"end":{"line":88,"column":78}},"49":{"start":{"line":88,"column":36},"end":{"line":88,"column":38}},"50":{"start":{"line":88,"column":61},"end":{"line":88,"column":63}},"51":{"start":{"line":97,"column":4},"end":{"line":97,"column":32}},"52":{"start":{"line":98,"column":4},"end":{"line":98,"column":37}},"53":{"start":{"line":98,"column":4},"end":{"line":98,"column":9}},"54":{"start":{"line":99,"column":4},"end":{"line":99,"column":57}},"55":{"start":{"line":100,"column":4},"end":{"line":101,"column":25}},"56":{"start":{"line":101,"column":6},"end":{"line":101,"column":25}},"57":{"start":{"line":102,"column":4},"end":{"line":103,"column":68}},"58":{"start":{"line":103,"column":6},"end":{"line":103,"column":68}},"59":{"start":{"line":103,"column":19},"end":{"line":103,"column":68}},"60":{"start":{"line":103,"column":21},"end":{"line":103,"column":57}},"61":{"start":{"line":103,"column":46},"end":{"line":103,"column":47}},"62":{"start":{"line":103,"column":54},"end":{"line":103,"column":57}},"63":{"start":{"line":104,"column":4},"end":{"line":104,"column":36}},"64":{"start":{"line":105,"column":4},"end":{"line":105,"column":31}},"65":{"start":{"line":106,"column":4},"end":{"line":106,"column":64}},"66":{"start":{"line":106,"column":14},"end":{"line":106,"column":64}},"67":{"start":{"line":106,"column":27},"end":{"line":106,"column":31}},"68":{"start":{"line":106,"column":38},"end":{"line":106,"column":49}},"69":{"start":{"line":107,"column":4},"end":{"line":107,"column":18}},"70":{"start":{"line":116,"column":4},"end":{"line":116,"column":22}},"71":{"start":{"line":117,"column":4},"end":{"line":117,"column":32}},"72":{"start":{"line":118,"column":4},"end":{"line":123,"column":16}},"73":{"start":{"line":119,"column":6},"end":{"line":119,"column":42}},"74":{"start":{"line":120,"column":6},"end":{"line":120,"column":34}},"75":{"start":{"line":121,"column":6},"end":{"line":121,"column":30}},"76":{"start":{"line":122,"column":6},"end":{"line":122,"column":70}},"77":{"start":{"line":122,"column":16},"end":{"line":122,"column":70}},"78":{"start":{"line":122,"column":31},"end":{"line":122,"column":35}},"79":{"start":{"line":122,"column":42},"end":{"line":122,"column":53}},"80":{"start":{"line":122,"column":61},"end":{"line":122,"column":66}},"81":{"start":{"line":123,"column":6},"end":{"line":123,"column":16}},"82":{"start":{"line":124,"column":4},"end":{"line":124,"column":75}},"83":{"start":{"line":124,"column":15},"end":{"line":124,"column":75}},"84":{"start":{"line":124,"column":36},"end":{"line":124,"column":47}},"85":{"start":{"line":124,"column":62},"end":{"line":124,"column":66}},"86":{"start":{"line":125,"column":4},"end":{"line":125,"column":15}},"87":{"start":{"line":131,"column":4},"end":{"line":131,"column":50}},"88":{"start":{"line":131,"column":14},"end":{"line":131,"column":50}},"89":{"start":{"line":131,"column":37},"end":{"line":131,"column":41}},"90":{"start":{"line":132,"column":4},"end":{"line":132,"column":39}},"91":{"start":{"line":133,"column":4},"end":{"line":133,"column":16}},"92":{"start":{"line":134,"column":4},"end":{"line":134,"column":9}},"93":{"start":{"line":142,"column":4},"end":{"line":142,"column":32}},"94":{"start":{"line":151,"column":4},"end":{"line":151,"column":41}},"95":{"start":{"line":153,"column":0},"end":{"line":153,"column":21}}},"branchMap":{"1":{"line":18,"loc":{"start":{"line":18,"column":12},"end":{"line":18,"column":12}},"type":"if","locations":[{"start":{"line":18,"column":12},"end":{"line":18,"column":12}},{"start":{"line":18,"column":12},"end":{"line":18,"column":12}}]},"2":{"line":19,"loc":{"start":{"line":19,"column":4},"end":{"line":19,"column":4}},"type":"if","locations":[{"start":{"line":19,"column":4},"end":{"line":19,"column":4}},{"start":{"line":19,"column":4},"end":{"line":19,"column":4}}]},"3":{"line":26,"loc":{"start":{"line":26,"column":4},"end":{"line":26,"column":4}},"type":"if","locations":[{"start":{"line":26,"column":4},"end":{"line":26,"column":4}},{"start":{"line":26,"column":4},"end":{"line":26,"column":4}}]},"4":{"line":42,"loc":{"start":{"line":42,"column":4},"end":{"line":42,"column":4}},"type":"if","locations":[{"start":{"line":42,"column":4},"end":{"line":42,"column":4}},{"start":{"line":42,"column":4},"end":{"line":42,"column":4}}]},"5":{"line":59,"loc":{"start":{"line":59,"column":4},"end":{"line":59,"column":4}},"type":"if","locations":[{"start":{"line":59,"column":4},"end":{"line":59,"column":4}},{"start":{"line":59,"column":4},"end":{"line":59,"column":4}}]},"6":{"line":60,"loc":{"start":{"line":60,"column":4},"end":{"line":60,"column":4}},"type":"if","locations":[{"start":{"line":60,"column":4},"end":{"line":60,"column":4}},{"start":{"line":60,"column":4},"end":{"line":60,"column":4}}]},"7":{"line":61,"loc":{"start":{"line":61,"column":4},"end":{"line":61,"column":4}},"type":"if","locations":[{"start":{"line":61,"column":4},"end":{"line":61,"column":4}},{"start":{"line":61,"column":4},"end":{"line":61,"column":4}}]},"8":{"line":66,"loc":{"start":{"line":66,"column":6},"end":{"line":66,"column":6}},"type":"if","locations":[{"start":{"line":66,"column":6},"end":{"line":66,"column":6}},{"start":{"line":66,"column":6},"end":{"line":66,"column":6}}]},"9":{"line":85,"loc":{"start":{"line":85,"column":11},"end":{"line":88,"column":79}},"type":"switch","locations":[{"start":{"line":86,"column":6},"end":{"line":86,"column":56}},{"start":{"line":87,"column":6},"end":{"line":87,"column":59}},{"start":{"line":88,"column":6},"end":{"line":88,"column":79}}]},"10":{"line":98,"loc":{"start":{"line":98,"column":4},"end":{"line":98,"column":4}},"type":"if","locations":[{"start":{"line":98,"column":4},"end":{"line":98,"column":4}},{"start":{"line":98,"column":4},"end":{"line":98,"column":4}}]},"11":{"line":103,"loc":{"start":{"line":103,"column":21},"end":{"line":103,"column":21}},"type":"if","locations":[{"start":{"line":103,"column":21},"end":{"line":103,"column":21}},{"start":{"line":103,"column":21},"end":{"line":103,"column":21}}]},"12":{"line":118,"loc":{"start":{"line":118,"column":4},"end":{"line":118,"column":4}},"type":"if","locations":[{"start":{"line":118,"column":4},"end":{"line":118,"column":4}},{"start":{"line":118,"column":4},"end":{"line":118,"column":4}}]}}},"/Volumes/x/code/hubot-playbook/src/modules/Director.coffee":{"path":"/Volumes/x/code/hubot-playbook/src/modules/Director.coffee","s":{"1":1,"2":1,"3":1,"4":1,"5":79,"6":79,"7":13,"8":79,"9":34,"10":45,"11":79,"12":79,"13":1,"14":78,"15":1,"16":77,"17":77,"18":77,"19":77,"20":77,"21":77,"22":77,"23":67,"24":67,"25":67,"26":10,"27":10,"28":10,"29":77,"30":4,"31":77,"32":15,"33":15,"34":15,"35":15,"36":15,"37":15,"38":15,"39":3,"40":3,"41":3,"42":3,"43":3,"44":3,"45":3,"46":135,"47":109,"48":26,"49":135,"50":26,"51":11,"52":15,"53":12,"54":109,"55":47,"56":62,"57":59,"58":6,"59":6,"60":117,"61":117,"62":117,"63":117,"64":53,"65":53,"66":53,"67":53,"68":53,"69":53,"70":53,"71":64,"72":64,"73":64,"74":64,"75":64,"76":64,"77":64,"78":23,"79":64,"80":5,"81":0,"82":5,"83":5,"84":5,"85":5,"86":5,"87":4,"88":4,"89":4,"90":4,"91":2,"92":2,"93":2,"94":5,"95":32,"96":32,"97":32,"98":32,"99":32,"100":80,"101":80,"102":80,"103":80,"104":14,"105":14,"106":66,"107":32,"108":27,"109":27,"110":27,"111":27,"112":27,"113":27,"114":22,"115":2,"116":27,"117":1},"b":{"1":[13,66],"2":[34,45],"3":[1,78],"4":[1,77],"5":[67,10],"6":[4,73],"7":[109,26],"8":[26,109],"9":[11,15],"10":[12,3],"11":[47,62],"12":[59,3],"13":[6,0],"14":[53,64],"15":[23,41],"16":[0,5],"17":[2,2],"18":[14,66],"19":[2,20]},"f":{"1":1,"2":79,"3":15,"4":3,"5":135,"6":117,"7":5,"8":4,"9":32,"10":80,"11":27,"12":22},"fnMap":{"1":{"name":"Director","line":19,"loc":{"start":{"line":19,"column":0},"end":{"line":153,"column":11}},"decl":{"start":{"line":19,"column":6},"end":{"line":19,"column":13}}},"2":{"name":"constructor","line":20,"loc":{"start":{"line":20,"column":15},"end":{"line":42,"column":15}},"decl":{"start":{"line":20,"column":2},"end":{"line":20,"column":33}}},"3":{"name":"add","line":49,"loc":{"start":{"line":49,"column":7},"end":{"line":52,"column":11}},"decl":{"start":{"line":49,"column":2},"end":{"line":49,"column":16}}},"4":{"name":"remove","line":59,"loc":{"start":{"line":59,"column":10},"end":{"line":62,"column":11}},"decl":{"start":{"line":59,"column":2},"end":{"line":59,"column":19}}},"5":{"name":"isAllowed","line":71,"loc":{"start":{"line":71,"column":13},"end":{"line":84,"column":45}},"decl":{"start":{"line":71,"column":2},"end":{"line":71,"column":20}}},"6":{"name":"process","line":91,"loc":{"start":{"line":91,"column":11},"end":{"line":103,"column":17}},"decl":{"start":{"line":91,"column":2},"end":{"line":91,"column":18}}},"7":{"name":"directMatch","line":110,"loc":{"start":{"line":110,"column":15},"end":{"line":121,"column":11}},"decl":{"start":{"line":110,"column":2},"end":{"line":110,"column":24}}},"8":{"name":"(anonymous_1)","line":113,"loc":{"start":{"line":113,"column":30},"end":{"line":120,"column":21}},"decl":{"start":{"line":113,"column":30},"end":{"line":113,"column":53}}},"9":{"name":"directListener","line":129,"loc":{"start":{"line":129,"column":18},"end":{"line":139,"column":11}},"decl":{"start":{"line":129,"column":2},"end":{"line":129,"column":24}}},"10":{"name":"(anonymous_2)","line":131,"loc":{"start":{"line":131,"column":30},"end":{"line":138,"column":21}},"decl":{"start":{"line":131,"column":30},"end":{"line":131,"column":53}}},"11":{"name":"directScene","line":148,"loc":{"start":{"line":148,"column":15},"end":{"line":153,"column":11}},"decl":{"start":{"line":148,"column":2},"end":{"line":148,"column":24}}},"12":{"name":"pre","line":151,"loc":{"start":{"line":151,"column":37},"end":{"line":152,"column":52}},"decl":{"start":{"line":151,"column":32},"end":{"line":151,"column":44}}}},"statementMap":{"1":{"start":{"line":1,"column":0},"end":{"line":1,"column":19}},"2":{"start":{"line":2,"column":0},"end":{"line":2,"column":22}},"3":{"start":{"line":3,"column":0},"end":{"line":3,"column":24}},"4":{"start":{"line":19,"column":0},"end":{"line":153,"column":11}},"5":{"start":{"line":21,"column":4},"end":{"line":24,"column":71}},"6":{"start":{"line":25,"column":4},"end":{"line":25,"column":57}},"7":{"start":{"line":25,"column":46},"end":{"line":25,"column":57}},"8":{"start":{"line":26,"column":4},"end":{"line":26,"column":64}},"9":{"start":{"line":26,"column":38},"end":{"line":26,"column":56}},"10":{"start":{"line":26,"column":63},"end":{"line":26,"column":64}},"11":{"start":{"line":27,"column":4},"end":{"line":27,"column":32}},"12":{"start":{"line":28,"column":4},"end":{"line":28,"column":74}},"13":{"start":{"line":28,"column":4},"end":{"line":28,"column":24}},"14":{"start":{"line":29,"column":4},"end":{"line":29,"column":70}},"15":{"start":{"line":29,"column":4},"end":{"line":29,"column":25}},"16":{"start":{"line":30,"column":4},"end":{"line":30,"column":74}},"17":{"start":{"line":30,"column":14},"end":{"line":30,"column":73}},"18":{"start":{"line":30,"column":22},"end":{"line":30,"column":28}},"19":{"start":{"line":30,"column":50},"end":{"line":30,"column":56}},"20":{"start":{"line":30,"column":69},"end":{"line":30,"column":71}},"21":{"start":{"line":37,"column":4},"end":{"line":37,"column":39}},"22":{"start":{"line":38,"column":4},"end":{"line":40,"column":55}},"23":{"start":{"line":39,"column":27},"end":{"line":39,"column":33}},"24":{"start":{"line":39,"column":41},"end":{"line":39,"column":62}},"25":{"start":{"line":39,"column":43},"end":{"line":39,"column":49}},"26":{"start":{"line":40,"column":23},"end":{"line":40,"column":29}},"27":{"start":{"line":40,"column":37},"end":{"line":40,"column":54}},"28":{"start":{"line":40,"column":39},"end":{"line":40,"column":45}},"29":{"start":{"line":41,"column":4},"end":{"line":41,"column":39}},"30":{"start":{"line":41,"column":4},"end":{"line":41,"column":28}},"31":{"start":{"line":42,"column":4},"end":{"line":42,"column":15}},"32":{"start":{"line":50,"column":4},"end":{"line":50,"column":73}},"33":{"start":{"line":50,"column":14},"end":{"line":50,"column":72}},"34":{"start":{"line":50,"column":25},"end":{"line":50,"column":40}},"35":{"start":{"line":50,"column":50},"end":{"line":50,"column":52}},"36":{"start":{"line":50,"column":59},"end":{"line":50,"column":65}},"37":{"start":{"line":51,"column":4},"end":{"line":51,"column":45}},"38":{"start":{"line":52,"column":4},"end":{"line":52,"column":11}},"39":{"start":{"line":60,"column":4},"end":{"line":60,"column":77}},"40":{"start":{"line":60,"column":14},"end":{"line":60,"column":76}},"41":{"start":{"line":60,"column":27},"end":{"line":60,"column":42}},"42":{"start":{"line":60,"column":54},"end":{"line":60,"column":56}},"43":{"start":{"line":60,"column":63},"end":{"line":60,"column":69}},"44":{"start":{"line":61,"column":4},"end":{"line":61,"column":51}},"45":{"start":{"line":62,"column":4},"end":{"line":62,"column":11}},"46":{"start":{"line":72,"column":4},"end":{"line":74,"column":38}},"47":{"start":{"line":73,"column":27},"end":{"line":73,"column":29}},"48":{"start":{"line":74,"column":23},"end":{"line":74,"column":25}},"49":{"start":{"line":76,"column":4},"end":{"line":80,"column":34}},"50":{"start":{"line":77,"column":6},"end":{"line":77,"column":35}},"51":{"start":{"line":77,"column":6},"end":{"line":77,"column":17}},"52":{"start":{"line":78,"column":6},"end":{"line":78,"column":35}},"53":{"start":{"line":78,"column":6},"end":{"line":78,"column":16}},"54":{"start":{"line":80,"column":6},"end":{"line":80,"column":34}},"55":{"start":{"line":80,"column":6},"end":{"line":80,"column":16}},"56":{"start":{"line":81,"column":6},"end":{"line":81,"column":36}},"57":{"start":{"line":81,"column":6},"end":{"line":81,"column":17}},"58":{"start":{"line":84,"column":4},"end":{"line":84,"column":45}},"59":{"start":{"line":84,"column":4},"end":{"line":84,"column":30}},"60":{"start":{"line":92,"column":4},"end":{"line":92,"column":27}},"61":{"start":{"line":93,"column":4},"end":{"line":93,"column":31}},"62":{"start":{"line":94,"column":4},"end":{"line":94,"column":29}},"63":{"start":{"line":95,"column":4},"end":{"line":100,"column":69}},"64":{"start":{"line":96,"column":6},"end":{"line":96,"column":70}},"65":{"start":{"line":96,"column":19},"end":{"line":96,"column":69}},"66":{"start":{"line":96,"column":21},"end":{"line":96,"column":23}},"67":{"start":{"line":96,"column":38},"end":{"line":96,"column":41}},"68":{"start":{"line":96,"column":61},"end":{"line":96,"column":67}},"69":{"start":{"line":97,"column":6},"end":{"line":97,"column":23}},"70":{"start":{"line":98,"column":6},"end":{"line":98,"column":16}},"71":{"start":{"line":100,"column":6},"end":{"line":100,"column":69}},"72":{"start":{"line":100,"column":18},"end":{"line":100,"column":68}},"73":{"start":{"line":100,"column":20},"end":{"line":100,"column":22}},"74":{"start":{"line":100,"column":36},"end":{"line":100,"column":39}},"75":{"start":{"line":100,"column":60},"end":{"line":100,"column":66}},"76":{"start":{"line":101,"column":6},"end":{"line":101,"column":22}},"77":{"start":{"line":102,"column":6},"end":{"line":102,"column":75}},"78":{"start":{"line":102,"column":6},"end":{"line":102,"column":34}},"79":{"start":{"line":103,"column":6},"end":{"line":103,"column":17}},"80":{"start":{"line":111,"column":4},"end":{"line":111,"column":49}},"81":{"start":{"line":111,"column":4},"end":{"line":111,"column":25}},"82":{"start":{"line":112,"column":4},"end":{"line":112,"column":79}},"83":{"start":{"line":112,"column":16},"end":{"line":112,"column":78}},"84":{"start":{"line":112,"column":18},"end":{"line":112,"column":20}},"85":{"start":{"line":112,"column":72},"end":{"line":112,"column":76}},"86":{"start":{"line":113,"column":4},"end":{"line":120,"column":21}},"87":{"start":{"line":114,"column":6},"end":{"line":114,"column":27}},"88":{"start":{"line":115,"column":6},"end":{"line":115,"column":43}},"89":{"start":{"line":116,"column":6},"end":{"line":116,"column":32}},"90":{"start":{"line":117,"column":6},"end":{"line":119,"column":20}},"91":{"start":{"line":118,"column":8},"end":{"line":118,"column":27}},"92":{"start":{"line":119,"column":8},"end":{"line":119,"column":20}},"93":{"start":{"line":120,"column":6},"end":{"line":120,"column":21}},"94":{"start":{"line":121,"column":4},"end":{"line":121,"column":11}},"95":{"start":{"line":130,"column":4},"end":{"line":130,"column":75}},"96":{"start":{"line":130,"column":14},"end":{"line":130,"column":74}},"97":{"start":{"line":130,"column":27},"end":{"line":130,"column":29}},"98":{"start":{"line":130,"column":71},"end":{"line":130,"column":72}},"99":{"start":{"line":131,"column":4},"end":{"line":138,"column":21}},"100":{"start":{"line":132,"column":6},"end":{"line":132,"column":27}},"101":{"start":{"line":133,"column":6},"end":{"line":133,"column":48}},"102":{"start":{"line":134,"column":6},"end":{"line":134,"column":32}},"103":{"start":{"line":135,"column":6},"end":{"line":137,"column":20}},"104":{"start":{"line":136,"column":8},"end":{"line":136,"column":40}},"105":{"start":{"line":137,"column":8},"end":{"line":137,"column":20}},"106":{"start":{"line":138,"column":6},"end":{"line":138,"column":21}},"107":{"start":{"line":139,"column":4},"end":{"line":139,"column":11}},"108":{"start":{"line":149,"column":4},"end":{"line":149,"column":53}},"109":{"start":{"line":149,"column":16},"end":{"line":149,"column":52}},"110":{"start":{"line":149,"column":18},"end":{"line":149,"column":20}},"111":{"start":{"line":149,"column":43},"end":{"line":149,"column":47}},"112":{"start":{"line":150,"column":4},"end":{"line":150,"column":27}},"113":{"start":{"line":151,"column":4},"end":{"line":152,"column":52}},"114":{"start":{"line":152,"column":6},"end":{"line":152,"column":52}},"115":{"start":{"line":152,"column":6},"end":{"line":152,"column":32}},"116":{"start":{"line":153,"column":4},"end":{"line":153,"column":11}},"117":{"start":{"line":155,"column":0},"end":{"line":155,"column":24}}},"branchMap":{"1":{"line":25,"loc":{"start":{"line":25,"column":17},"end":{"line":25,"column":17}},"type":"if","locations":[{"start":{"line":25,"column":17},"end":{"line":25,"column":17}},{"start":{"line":25,"column":17},"end":{"line":25,"column":17}}]},"2":{"line":26,"loc":{"start":{"line":26,"column":11},"end":{"line":26,"column":11}},"type":"if","locations":[{"start":{"line":26,"column":11},"end":{"line":26,"column":11}},{"start":{"line":26,"column":11},"end":{"line":26,"column":11}}]},"3":{"line":28,"loc":{"start":{"line":28,"column":4},"end":{"line":28,"column":4}},"type":"if","locations":[{"start":{"line":28,"column":4},"end":{"line":28,"column":4}},{"start":{"line":28,"column":4},"end":{"line":28,"column":4}}]},"4":{"line":29,"loc":{"start":{"line":29,"column":4},"end":{"line":29,"column":4}},"type":"if","locations":[{"start":{"line":29,"column":4},"end":{"line":29,"column":4}},{"start":{"line":29,"column":4},"end":{"line":29,"column":4}}]},"5":{"line":38,"loc":{"start":{"line":38,"column":13},"end":{"line":40,"column":55}},"type":"switch","locations":[{"start":{"line":39,"column":6},"end":{"line":39,"column":63}},{"start":{"line":40,"column":6},"end":{"line":40,"column":55}}]},"6":{"line":41,"loc":{"start":{"line":41,"column":4},"end":{"line":41,"column":4}},"type":"if","locations":[{"start":{"line":41,"column":4},"end":{"line":41,"column":4}},{"start":{"line":41,"column":4},"end":{"line":41,"column":4}}]},"7":{"line":72,"loc":{"start":{"line":72,"column":11},"end":{"line":74,"column":38}},"type":"switch","locations":[{"start":{"line":73,"column":6},"end":{"line":73,"column":47}},{"start":{"line":74,"column":6},"end":{"line":74,"column":38}}]},"8":{"line":76,"loc":{"start":{"line":76,"column":4},"end":{"line":76,"column":4}},"type":"if","locations":[{"start":{"line":76,"column":4},"end":{"line":76,"column":4}},{"start":{"line":76,"column":4},"end":{"line":76,"column":4}}]},"9":{"line":77,"loc":{"start":{"line":77,"column":6},"end":{"line":77,"column":6}},"type":"if","locations":[{"start":{"line":77,"column":6},"end":{"line":77,"column":6}},{"start":{"line":77,"column":6},"end":{"line":77,"column":6}}]},"10":{"line":78,"loc":{"start":{"line":78,"column":6},"end":{"line":78,"column":6}},"type":"if","locations":[{"start":{"line":78,"column":6},"end":{"line":78,"column":6}},{"start":{"line":78,"column":6},"end":{"line":78,"column":6}}]},"11":{"line":80,"loc":{"start":{"line":80,"column":6},"end":{"line":80,"column":6}},"type":"if","locations":[{"start":{"line":80,"column":6},"end":{"line":80,"column":6}},{"start":{"line":80,"column":6},"end":{"line":80,"column":6}}]},"12":{"line":81,"loc":{"start":{"line":81,"column":6},"end":{"line":81,"column":6}},"type":"if","locations":[{"start":{"line":81,"column":6},"end":{"line":81,"column":6}},{"start":{"line":81,"column":6},"end":{"line":81,"column":6}}]},"13":{"line":84,"loc":{"start":{"line":84,"column":4},"end":{"line":84,"column":4}},"type":"if","locations":[{"start":{"line":84,"column":4},"end":{"line":84,"column":4}},{"start":{"line":84,"column":4},"end":{"line":84,"column":4}}]},"14":{"line":95,"loc":{"start":{"line":95,"column":4},"end":{"line":95,"column":4}},"type":"if","locations":[{"start":{"line":95,"column":4},"end":{"line":95,"column":4}},{"start":{"line":95,"column":4},"end":{"line":95,"column":4}}]},"15":{"line":102,"loc":{"start":{"line":102,"column":6},"end":{"line":102,"column":6}},"type":"if","locations":[{"start":{"line":102,"column":6},"end":{"line":102,"column":6}},{"start":{"line":102,"column":6},"end":{"line":102,"column":6}}]},"16":{"line":111,"loc":{"start":{"line":111,"column":4},"end":{"line":111,"column":4}},"type":"if","locations":[{"start":{"line":111,"column":4},"end":{"line":111,"column":4}},{"start":{"line":111,"column":4},"end":{"line":111,"column":4}}]},"17":{"line":117,"loc":{"start":{"line":117,"column":6},"end":{"line":117,"column":6}},"type":"if","locations":[{"start":{"line":117,"column":6},"end":{"line":117,"column":6}},{"start":{"line":117,"column":6},"end":{"line":117,"column":6}}]},"18":{"line":135,"loc":{"start":{"line":135,"column":6},"end":{"line":135,"column":6}},"type":"if","locations":[{"start":{"line":135,"column":6},"end":{"line":135,"column":6}},{"start":{"line":135,"column":6},"end":{"line":135,"column":6}}]},"19":{"line":152,"loc":{"start":{"line":152,"column":6},"end":{"line":152,"column":6}},"type":"if","locations":[{"start":{"line":152,"column":6},"end":{"line":152,"column":6}},{"start":{"line":152,"column":6},"end":{"line":152,"column":6}}]}}},"/Volumes/x/code/hubot-playbook/src/modules/Transcript.coffee":{"path":"/Volumes/x/code/hubot-playbook/src/modules/Transcript.coffee","s":{"1":1,"2":1,"3":1,"4":60,"5":20,"6":40,"7":1,"8":0,"9":0,"10":0,"11":0,"12":1,"13":38,"14":38,"15":125,"16":38,"17":1,"18":22,"19":22,"20":22,"21":1,"22":22,"23":30,"24":23,"25":30,"26":15,"27":30,"28":30,"29":1,"30":30,"31":23,"32":30,"33":15,"34":30,"35":3,"36":30,"37":30,"38":30,"39":2,"40":6,"41":6,"42":2,"43":7,"44":16,"45":7,"46":7,"47":2,"48":2,"49":2,"50":2,"51":2,"52":2,"53":2,"54":2,"55":2,"56":2,"57":2,"58":1},"b":{"1":[20,40],"2":[0,0],"3":[1,21],"4":[23,7],"5":[15,15],"6":[1,29],"7":[23,7],"8":[15,15],"9":[3,27]},"f":{"1":60,"2":0,"3":0,"4":38,"5":125,"6":1,"7":22,"8":30,"9":2,"10":6,"11":6,"12":7,"13":16,"14":7,"15":2,"16":2,"17":2,"18":2,"19":2,"20":2},"fnMap":{"1":{"name":"'hasKeys'","line":4,"loc":{"start":{"line":4,"column":19},"end":{"line":6,"column":49}},"decl":{"start":{"line":4,"column":8},"end":{"line":4,"column":32}}},"2":{"name":"'hasPaths'","line":7,"loc":{"start":{"line":7,"column":20},"end":{"line":9,"column":50}},"decl":{"start":{"line":7,"column":8},"end":{"line":7,"column":34}}},"3":{"name":"(anonymous_1)","line":9,"loc":{"start":{"line":9,"column":24},"end":{"line":9,"column":50}},"decl":{"start":{"line":9,"column":24},"end":{"line":9,"column":32}}},"4":{"name":"'mapPaths'","line":10,"loc":{"start":{"line":10,"column":20},"end":{"line":13,"column":12}},"decl":{"start":{"line":10,"column":8},"end":{"line":10,"column":34}}},"5":{"name":"(anonymous_2)","line":12,"loc":{"start":{"line":12,"column":16},"end":{"line":12,"column":76}},"decl":{"start":{"line":12,"column":16},"end":{"line":12,"column":24}}},"6":{"name":"Transcript","line":58,"loc":{"start":{"line":58,"column":0},"end":{"line":146,"column":9}},"decl":{"start":{"line":58,"column":6},"end":{"line":58,"column":15}}},"7":{"name":"constructor","line":59,"loc":{"start":{"line":59,"column":15},"end":{"line":77,"column":17}},"decl":{"start":{"line":59,"column":2},"end":{"line":59,"column":30}}},"8":{"name":"recordEvent","line":91,"loc":{"start":{"line":91,"column":15},"end":{"line":103,"column":9}},"decl":{"start":{"line":91,"column":2},"end":{"line":91,"column":33}}},"9":{"name":"recordAll","line":109,"loc":{"start":{"line":109,"column":13},"end":{"line":112,"column":9}},"decl":{"start":{"line":109,"column":2},"end":{"line":109,"column":14}}},"10":{"name":"(anonymous_3)","line":110,"loc":{"start":{"line":110,"column":40},"end":{"line":111,"column":62}},"decl":{"start":{"line":110,"column":40},"end":{"line":110,"column":49}}},"11":{"name":"(anonymous_4)","line":111,"loc":{"start":{"line":111,"column":23},"end":{"line":111,"column":62}},"decl":{"start":{"line":111,"column":23},"end":{"line":111,"column":34}}},"12":{"name":"recordDialogue","line":118,"loc":{"start":{"line":118,"column":18},"end":{"line":121,"column":9}},"decl":{"start":{"line":118,"column":2},"end":{"line":118,"column":30}}},"13":{"name":"(anonymous_5)","line":119,"loc":{"start":{"line":119,"column":40},"end":{"line":120,"column":64}},"decl":{"start":{"line":119,"column":40},"end":{"line":119,"column":49}}},"14":{"name":"(anonymous_6)","line":120,"loc":{"start":{"line":120,"column":25},"end":{"line":120,"column":64}},"decl":{"start":{"line":120,"column":25},"end":{"line":120,"column":36}}},"15":{"name":"recordScene","line":128,"loc":{"start":{"line":128,"column":15},"end":{"line":134,"column":9}},"decl":{"start":{"line":128,"column":2},"end":{"line":128,"column":24}}},"16":{"name":"(anonymous_7)","line":129,"loc":{"start":{"line":129,"column":22},"end":{"line":131,"column":29}},"decl":{"start":{"line":129,"column":22},"end":{"line":129,"column":46}}},"17":{"name":"(anonymous_8)","line":132,"loc":{"start":{"line":132,"column":21},"end":{"line":133,"column":44}},"decl":{"start":{"line":132,"column":21},"end":{"line":132,"column":43}}},"18":{"name":"recordDirector","line":141,"loc":{"start":{"line":141,"column":18},"end":{"line":146,"column":9}},"decl":{"start":{"line":141,"column":2},"end":{"line":141,"column":30}}},"19":{"name":"(anonymous_9)","line":142,"loc":{"start":{"line":142,"column":25},"end":{"line":143,"column":34}},"decl":{"start":{"line":142,"column":25},"end":{"line":142,"column":36}}},"20":{"name":"(anonymous_10)","line":144,"loc":{"start":{"line":144,"column":24},"end":{"line":145,"column":33}},"decl":{"start":{"line":144,"column":24},"end":{"line":144,"column":35}}}},"statementMap":{"1":{"start":{"line":1,"column":0},"end":{"line":1,"column":19}},"2":{"start":{"line":2,"column":0},"end":{"line":2,"column":22}},"3":{"start":{"line":4,"column":0},"end":{"line":6,"column":49}},"4":{"start":{"line":5,"column":2},"end":{"line":5,"column":35}},"5":{"start":{"line":5,"column":2},"end":{"line":5,"column":13}},"6":{"start":{"line":6,"column":2},"end":{"line":6,"column":49}},"7":{"start":{"line":7,"column":0},"end":{"line":9,"column":50}},"8":{"start":{"line":8,"column":2},"end":{"line":8,"column":35}},"9":{"start":{"line":8,"column":2},"end":{"line":8,"column":13}},"10":{"start":{"line":9,"column":2},"end":{"line":9,"column":50}},"11":{"start":{"line":9,"column":34},"end":{"line":9,"column":50}},"12":{"start":{"line":10,"column":0},"end":{"line":57,"column":2}},"13":{"start":{"line":11,"column":2},"end":{"line":11,"column":10}},"14":{"start":{"line":12,"column":2},"end":{"line":12,"column":76}},"15":{"start":{"line":12,"column":26},"end":{"line":12,"column":76}},"16":{"start":{"line":13,"column":2},"end":{"line":13,"column":12}},"17":{"start":{"line":58,"column":0},"end":{"line":146,"column":9}},"18":{"start":{"line":60,"column":4},"end":{"line":73,"column":6}},"19":{"start":{"line":75,"column":4},"end":{"line":75,"column":34}},"20":{"start":{"line":76,"column":4},"end":{"line":76,"column":60}},"21":{"start":{"line":76,"column":4},"end":{"line":76,"column":44}},"22":{"start":{"line":77,"column":4},"end":{"line":77,"column":17}},"23":{"start":{"line":92,"column":4},"end":{"line":92,"column":73}},"24":{"start":{"line":92,"column":4},"end":{"line":92,"column":26}},"25":{"start":{"line":93,"column":4},"end":{"line":93,"column":69}},"26":{"start":{"line":93,"column":4},"end":{"line":93,"column":26}},"27":{"start":{"line":95,"column":4},"end":{"line":95,"column":39}},"28":{"start":{"line":96,"column":4},"end":{"line":96,"column":43}},"29":{"start":{"line":96,"column":4},"end":{"line":96,"column":27}},"30":{"start":{"line":97,"column":4},"end":{"line":97,"column":75}},"31":{"start":{"line":97,"column":4},"end":{"line":97,"column":62}},"32":{"start":{"line":98,"column":4},"end":{"line":98,"column":75}},"33":{"start":{"line":98,"column":4},"end":{"line":98,"column":62}},"34":{"start":{"line":99,"column":4},"end":{"line":99,"column":44}},"35":{"start":{"line":99,"column":4},"end":{"line":99,"column":22}},"36":{"start":{"line":101,"column":4},"end":{"line":101,"column":23}},"37":{"start":{"line":102,"column":4},"end":{"line":102,"column":22}},"38":{"start":{"line":103,"column":4},"end":{"line":103,"column":9}},"39":{"start":{"line":110,"column":4},"end":{"line":111,"column":62}},"40":{"start":{"line":111,"column":6},"end":{"line":111,"column":62}},"41":{"start":{"line":111,"column":36},"end":{"line":111,"column":62}},"42":{"start":{"line":112,"column":4},"end":{"line":112,"column":9}},"43":{"start":{"line":119,"column":4},"end":{"line":120,"column":64}},"44":{"start":{"line":120,"column":6},"end":{"line":120,"column":64}},"45":{"start":{"line":120,"column":38},"end":{"line":120,"column":64}},"46":{"start":{"line":121,"column":4},"end":{"line":121,"column":9}},"47":{"start":{"line":129,"column":4},"end":{"line":131,"column":29}},"48":{"start":{"line":130,"column":6},"end":{"line":130,"column":37}},"49":{"start":{"line":131,"column":6},"end":{"line":131,"column":29}},"50":{"start":{"line":132,"column":4},"end":{"line":133,"column":44}},"51":{"start":{"line":133,"column":6},"end":{"line":133,"column":44}},"52":{"start":{"line":134,"column":4},"end":{"line":134,"column":9}},"53":{"start":{"line":142,"column":4},"end":{"line":143,"column":34}},"54":{"start":{"line":143,"column":6},"end":{"line":143,"column":34}},"55":{"start":{"line":144,"column":4},"end":{"line":145,"column":33}},"56":{"start":{"line":145,"column":6},"end":{"line":145,"column":33}},"57":{"start":{"line":146,"column":4},"end":{"line":146,"column":9}},"58":{"start":{"line":148,"column":0},"end":{"line":148,"column":26}}},"branchMap":{"1":{"line":5,"loc":{"start":{"line":5,"column":2},"end":{"line":5,"column":2}},"type":"if","locations":[{"start":{"line":5,"column":2},"end":{"line":5,"column":2}},{"start":{"line":5,"column":2},"end":{"line":5,"column":2}}]},"2":{"line":8,"loc":{"start":{"line":8,"column":2},"end":{"line":8,"column":2}},"type":"if","locations":[{"start":{"line":8,"column":2},"end":{"line":8,"column":2}},{"start":{"line":8,"column":2},"end":{"line":8,"column":2}}]},"3":{"line":76,"loc":{"start":{"line":76,"column":4},"end":{"line":76,"column":4}},"type":"if","locations":[{"start":{"line":76,"column":4},"end":{"line":76,"column":4}},{"start":{"line":76,"column":4},"end":{"line":76,"column":4}}]},"4":{"line":92,"loc":{"start":{"line":92,"column":4},"end":{"line":92,"column":4}},"type":"if","locations":[{"start":{"line":92,"column":4},"end":{"line":92,"column":4}},{"start":{"line":92,"column":4},"end":{"line":92,"column":4}}]},"5":{"line":93,"loc":{"start":{"line":93,"column":4},"end":{"line":93,"column":4}},"type":"if","locations":[{"start":{"line":93,"column":4},"end":{"line":93,"column":4}},{"start":{"line":93,"column":4},"end":{"line":93,"column":4}}]},"6":{"line":96,"loc":{"start":{"line":96,"column":4},"end":{"line":96,"column":4}},"type":"if","locations":[{"start":{"line":96,"column":4},"end":{"line":96,"column":4}},{"start":{"line":96,"column":4},"end":{"line":96,"column":4}}]},"7":{"line":97,"loc":{"start":{"line":97,"column":4},"end":{"line":97,"column":4}},"type":"if","locations":[{"start":{"line":97,"column":4},"end":{"line":97,"column":4}},{"start":{"line":97,"column":4},"end":{"line":97,"column":4}}]},"8":{"line":98,"loc":{"start":{"line":98,"column":4},"end":{"line":98,"column":4}},"type":"if","locations":[{"start":{"line":98,"column":4},"end":{"line":98,"column":4}},{"start":{"line":98,"column":4},"end":{"line":98,"column":4}}]},"9":{"line":99,"loc":{"start":{"line":99,"column":4},"end":{"line":99,"column":4}},"type":"if","locations":[{"start":{"line":99,"column":4},"end":{"line":99,"column":4}},{"start":{"line":99,"column":4},"end":{"line":99,"column":4}}]}}}}