TN:
SF:/Volumes/x/code/hubot-playbook/src/index.js
FNF:0
FNH:0
DA:1,1
LF:1
LH:1
BRF:0
BRH:0
end_of_record
TN:
SF:/Volumes/x/code/hubot-playbook/src/modules/base.js
FN:34,(anonymous_0)
FN:51,(anonymous_1)
FN:54,(anonymous_2)
FN:55,(anonymous_3)
FN:56,(anonymous_4)
FN:57,(anonymous_5)
FN:67,(anonymous_6)
FN:78,(anonymous_7)
FN:97,(anonymous_8)
FN:112,(anonymous_9)
FN:126,(anonymous_10)
FN:136,(anonymous_11)
FN:137,(anonymous_12)
FNF:13
FNH:13
FNDA:502,(anonymous_0)
FNDA:360,(anonymous_1)
FNDA:199,(anonymous_2)
FNDA:111,(anonymous_3)
FNDA:5,(anonymous_4)
FNDA:1,(anonymous_5)
FNDA:316,(anonymous_6)
FNDA:19,(anonymous_7)
FNDA:224,(anonymous_8)
FNDA:387,(anonymous_9)
FNDA:319,(anonymous_10)
FNDA:248,(anonymous_11)
FNDA:96,(anonymous_12)
DA:3,2
DA:35,502
DA:36,502
DA:37,502
DA:38,501
DA:40,500
DA:41,500
DA:42,500
DA:43,500
DA:52,360
DA:53,316
DA:54,199
DA:55,111
DA:56,5
DA:57,1
DA:68,316
DA:69,316
DA:70,316
DA:79,19
DA:80,15
DA:81,15
DA:82,15
DA:84,19
DA:85,19
DA:98,224
DA:99,223
DA:100,223
DA:113,387
DA:114,387
DA:115,387
DA:127,319
DA:137,248
DA:138,96
DA:143,2
LF:34
LH:34
BRDA:37,0,0,1
BRDA:37,0,1,501
BRDA:38,1,0,1
BRDA:38,1,1,500
BRDA:41,2,0,162
BRDA:41,2,1,338
BRDA:42,3,0,20
BRDA:42,3,1,480
BRDA:52,4,0,44
BRDA:52,4,1,316
BRDA:69,5,0,1
BRDA:69,5,1,315
BRDA:79,6,0,15
BRDA:79,6,1,4
BRDA:80,7,0,15
BRDA:80,7,1,2
BRDA:81,8,0,0
BRDA:81,8,1,15
BRDA:84,9,0,17
BRDA:84,9,1,2
BRDA:98,10,0,1
BRDA:98,10,1,223
BRDA:113,11,0,0
BRDA:113,11,1,387
BRDA:138,12,0,92
BRDA:138,12,1,4
BRF:26
BRH:24
end_of_record
TN:
SF:/Volumes/x/code/hubot-playbook/src/modules/dialogue.js
FN:29,(anonymous_0)
FN:49,(anonymous_1)
FN:68,(anonymous_2)
FN:72,(anonymous_3)
FN:89,(anonymous_4)
FN:97,(anonymous_5)
FN:107,(anonymous_6)
FN:109,(anonymous_7)
FN:144,(anonymous_8)
FN:151,(anonymous_9)
FN:162,(anonymous_10)
FN:181,(anonymous_11)
FN:186,(anonymous_12)
FNF:13
FNH:13
FNDA:125,(anonymous_0)
FNDA:40,(anonymous_1)
FNDA:23,(anonymous_2)
FNDA:23,(anonymous_3)
FNDA:12,(anonymous_4)
FNDA:51,(anonymous_5)
FNDA:64,(anonymous_6)
FNDA:14,(anonymous_7)
FNDA:46,(anonymous_8)
FNDA:46,(anonymous_9)
FNDA:35,(anonymous_10)
FNDA:24,(anonymous_11)
FNDA:20,(anonymous_12)
DA:3,2
DA:4,2
DA:5,2
DA:30,125
DA:31,125
DA:37,125
DA:38,125
DA:39,125
DA:40,125
DA:41,125
DA:50,40
DA:51,37
DA:52,37
DA:53,15
DA:55,22
DA:57,37
DA:58,37
DA:59,37
DA:70,23
DA:71,22
DA:72,23
DA:73,23
DA:78,23
DA:90,12
DA:91,6
DA:98,51
DA:99,51
DA:108,64
DA:109,64
DA:110,14
DA:111,14
DA:112,14
DA:114,1
DA:116,13
DA:117,13
DA:119,64
DA:146,46
DA:147,46
DA:148,46
DA:149,46
DA:150,46
DA:151,46
DA:163,35
DA:164,35
DA:165,35
DA:182,24
DA:183,20
DA:184,20
DA:185,20
DA:186,20
DA:187,20
DA:188,20
DA:189,20
DA:190,20
DA:195,2
LF:55
LH:55
BRDA:33,0,0,125
BRDA:33,0,1,124
BRDA:34,1,0,125
BRDA:34,1,1,125
BRDA:50,2,0,3
BRDA:50,2,1,37
BRDA:51,3,0,2
BRDA:51,3,1,35
BRDA:52,4,0,15
BRDA:52,4,1,22
BRDA:53,5,0,11
BRDA:53,5,1,4
BRDA:70,6,0,1
BRDA:70,6,1,22
BRDA:90,7,0,6
BRDA:90,7,1,6
BRDA:91,8,0,3
BRDA:91,8,1,3
BRDA:108,9,0,8
BRDA:108,9,1,56
BRDA:146,10,0,7
BRDA:146,10,1,39
BRDA:148,11,0,0
BRDA:148,11,1,46
BRDA:148,12,0,46
BRDA:148,12,1,41
BRDA:150,13,0,16
BRDA:150,13,1,30
BRDA:163,14,0,28
BRDA:163,14,1,7
BRDA:182,15,0,4
BRDA:182,15,1,20
BRDA:182,16,0,24
BRDA:182,16,1,21
BRDA:188,17,0,15
BRDA:188,17,1,5
BRDA:189,18,0,11
BRDA:189,18,1,9
BRF:38
BRH:37
end_of_record
TN:
SF:/Volumes/x/code/hubot-playbook/src/modules/director.js
FN:44,(anonymous_0)
FN:74,(anonymous_1)
FN:86,(anonymous_2)
FN:108,(anonymous_3)
FN:132,(anonymous_4)
FN:136,(anonymous_5)
FN:155,(anonymous_6)
FN:157,(anonymous_7)
FN:159,(anonymous_8)
FN:176,(anonymous_9)
FN:178,(anonymous_10)
FN:180,(anonymous_11)
FN:197,(anonymous_12)
FN:200,(anonymous_13)
FN:201,(anonymous_14)
FNF:15
FNH:15
FNDA:66,(anonymous_0)
FNDA:3,(anonymous_1)
FNDA:3,(anonymous_2)
FNDA:44,(anonymous_3)
FNDA:26,(anonymous_4)
FNDA:26,(anonymous_5)
FNDA:5,(anonymous_6)
FNDA:4,(anonymous_7)
FNDA:4,(anonymous_8)
FNDA:4,(anonymous_9)
FNDA:3,(anonymous_10)
FNDA:3,(anonymous_11)
FNDA:6,(anonymous_12)
FNDA:6,(anonymous_13)
FNDA:6,(anonymous_14)
DA:3,2
DA:4,2
DA:45,66
DA:46,66
DA:47,66
DA:52,66
DA:54,66
DA:55,65
DA:56,64
DA:58,64
DA:59,64
DA:60,58
DA:61,58
DA:62,6
DA:64,64
DA:65,64
DA:75,3
DA:76,3
DA:77,3
DA:87,3
DA:88,3
DA:89,3
DA:110,44
DA:111,42
DA:112,42
DA:113,2
DA:116,44
DA:117,10
DA:118,5
DA:120,34
DA:121,21
DA:123,7
DA:133,26
DA:134,26
DA:135,26
DA:136,26
DA:137,26
DA:138,10
DA:139,10
DA:141,16
DA:142,16
DA:143,16
DA:145,26
DA:156,5
DA:157,5
DA:158,4
DA:159,4
DA:160,4
DA:161,2
DA:162,2
DA:165,5
DA:177,4
DA:178,4
DA:179,3
DA:180,3
DA:181,3
DA:182,2
DA:183,2
DA:186,4
DA:198,6
DA:199,6
DA:200,6
DA:201,6
DA:202,6
DA:203,4
DA:206,6
DA:210,2
LF:67
LH:67
BRDA:45,0,0,14
BRDA:45,0,1,52
BRDA:50,1,0,66
BRDA:50,1,1,65
BRDA:54,2,0,1
BRDA:54,2,1,65
BRDA:55,3,0,1
BRDA:55,3,1,64
BRDA:59,4,0,58
BRDA:59,4,1,6
BRDA:64,5,0,4
BRDA:64,5,1,60
BRDA:65,6,0,60
BRDA:65,6,1,4
BRDA:110,7,0,42
BRDA:110,7,1,2
BRDA:116,8,0,10
BRDA:116,8,1,34
BRDA:117,9,0,5
BRDA:117,9,1,5
BRDA:118,10,0,2
BRDA:118,10,1,3
BRDA:120,11,0,13
BRDA:120,11,1,21
BRDA:121,12,0,17
BRDA:121,12,1,4
BRDA:137,13,0,10
BRDA:137,13,1,16
BRDA:143,14,0,1
BRDA:143,14,1,15
BRDA:158,15,0,0
BRDA:158,15,1,4
BRDA:160,16,0,2
BRDA:160,16,1,2
BRDA:179,17,0,0
BRDA:179,17,1,3
BRDA:181,18,0,1
BRDA:181,18,1,2
BRDA:202,19,0,2
BRDA:202,19,1,4
BRF:40
BRH:38
end_of_record
TN:
SF:/Volumes/x/code/hubot-playbook/src/modules/improv.js
FN:34,(anonymous_0)
FN:59,use
FN:61,(anonymous_2)
FN:82,configure
FN:106,extend
FN:124,mergeData
FN:130,(anonymous_6)
FN:148,parse
FN:149,(anonymous_8)
FN:175,middleware
FN:176,(anonymous_10)
FN:187,warn
FN:198,remember
FN:212,forget
FN:221,reset
FNF:15
FNH:13
FNDA:56,(anonymous_0)
FNDA:56,use
FNDA:61,(anonymous_2)
FNDA:55,configure
FNDA:6,extend
FNDA:9,mergeData
FNDA:5,(anonymous_6)
FNDA:9,parse
FNDA:11,(anonymous_8)
FNDA:9,middleware
FNDA:10,(anonymous_10)
FNDA:0,warn
FNDA:7,remember
FNDA:0,forget
FNDA:53,reset
DA:3,2
DA:4,2
DA:35,56
DA:36,56
DA:37,49
DA:38,49
DA:44,56
DA:60,56
DA:61,61
DA:62,56
DA:64,51
DA:65,51
DA:66,51
DA:68,56
DA:83,55
DA:84,55
DA:85,55
DA:107,6
DA:108,6
DA:109,6
DA:110,6
DA:112,6
DA:125,9
DA:126,9
DA:127,9
DA:128,9
DA:129,9
DA:130,9
DA:131,5
DA:133,9
DA:149,9
DA:150,11
DA:152,11
DA:153,12
DA:154,12
DA:156,12
DA:157,8
DA:159,4
DA:160,4
DA:161,3
DA:164,10
DA:176,10
DA:177,9
DA:178,5
DA:179,5
DA:181,9
DA:199,7
DA:200,7
DA:201,7
DA:213,0
DA:214,0
DA:215,0
DA:222,53
DA:223,53
DA:224,53
DA:227,2
DA:238,1
DA:240,6
DA:241,6
DA:244,1
DA:245,1
DA:247,1
LF:62
LH:59
BRDA:36,0,0,49
BRDA:36,0,1,7
BRDA:40,1,0,49
BRDA:40,1,1,49
BRDA:41,2,0,49
BRDA:41,2,1,49
BRDA:62,3,0,51
BRDA:62,3,1,5
BRDA:62,4,0,56
BRDA:62,4,1,56
BRDA:64,5,0,51
BRDA:64,5,1,0
BRDA:82,6,0,36
BRDA:83,7,0,0
BRDA:83,7,1,55
BRDA:107,8,0,0
BRDA:107,8,1,6
BRDA:108,9,0,6
BRDA:108,9,1,0
BRDA:109,10,0,5
BRDA:109,10,1,1
BRDA:124,11,0,0
BRDA:125,12,0,0
BRDA:125,12,1,9
BRDA:126,13,0,5
BRDA:126,13,1,4
BRDA:128,14,0,4
BRDA:128,14,1,5
BRDA:160,15,0,1
BRDA:160,15,1,3
BRDA:177,16,0,5
BRDA:177,16,1,4
BRDA:199,17,0,4
BRDA:199,17,1,3
BRDA:213,18,0,0
BRDA:213,18,1,0
BRDA:240,19,0,3
BRDA:240,19,1,3
BRDA:244,20,0,0
BRDA:244,20,1,1
BRDA:247,21,0,1
BRDA:247,21,1,0
BRF:42
BRH:32
end_of_record
TN:
SF:/Volumes/x/code/hubot-playbook/src/modules/outline.js
FN:35,(anonymous_0)
FN:40,(anonymous_1)
FN:52,(anonymous_2)
FN:71,(anonymous_3)
FN:79,(anonymous_4)
FN:98,(anonymous_5)
FN:99,(anonymous_6)
FN:109,(anonymous_7)
FN:126,(anonymous_8)
FN:130,(anonymous_9)
FN:132,(anonymous_10)
FN:146,(anonymous_11)
FNF:12
FNH:2
FNDA:3,(anonymous_0)
FNDA:0,(anonymous_1)
FNDA:0,(anonymous_2)
FNDA:0,(anonymous_3)
FNDA:0,(anonymous_4)
FNDA:0,(anonymous_5)
FNDA:0,(anonymous_6)
FNDA:0,(anonymous_7)
FNDA:0,(anonymous_8)
FNDA:0,(anonymous_9)
FNDA:0,(anonymous_10)
FNDA:6,(anonymous_11)
DA:3,2
DA:4,2
DA:5,2
DA:36,3
DA:37,3
DA:38,3
DA:39,3
DA:40,3
DA:53,0
DA:54,0
DA:55,0
DA:72,0
DA:73,0
DA:79,0
DA:99,0
DA:110,0
DA:111,0
DA:112,0
DA:113,0
DA:114,0
DA:115,0
DA:116,0
DA:117,0
DA:118,0
DA:127,0
DA:128,0
DA:129,0
DA:130,0
DA:131,0
DA:132,0
DA:133,0
DA:135,0
DA:147,6
DA:148,6
DA:149,4
DA:150,4
DA:151,4
DA:153,0
DA:157,2
LF:39
LH:14
BRDA:55,0,0,0
BRDA:55,0,1,0
BRDA:72,1,0,0
BRDA:72,1,1,0
BRDA:113,2,0,0
BRDA:113,2,1,0
BRDA:114,3,0,0
BRDA:114,3,1,0
BRDA:115,4,0,0
BRDA:115,4,1,0
BRDA:129,5,0,0
BRDA:129,5,1,0
BRDA:148,6,0,2
BRDA:148,6,1,4
BRDA:149,7,0,4
BRDA:149,7,1,0
BRDA:151,8,0,4
BRDA:151,8,1,0
BRF:18
BRH:4
end_of_record
TN:
SF:/Volumes/x/code/hubot-playbook/src/modules/path.js
FN:41,(anonymous_0)
FN:70,(anonymous_1)
FN:98,(anonymous_2)
FN:99,(anonymous_3)
FN:107,(anonymous_4)
FN:120,(anonymous_5)
FN:145,(anonymous_6)
FN:148,(anonymous_7)
FNF:8
FNH:8
FNDA:86,(anonymous_0)
FNDA:121,(anonymous_1)
FNDA:129,(anonymous_2)
FNDA:33,(anonymous_3)
FNDA:33,(anonymous_4)
FNDA:35,(anonymous_5)
FNDA:35,(anonymous_6)
FNDA:54,(anonymous_7)
DA:3,2
DA:4,2
DA:5,2
DA:42,86
DA:43,86
DA:45,86
DA:46,86
DA:47,86
DA:48,35
DA:49,35
DA:50,76
DA:72,121
DA:73,121
DA:74,121
DA:75,121
DA:76,121
DA:77,119
DA:81,119
DA:99,129
DA:101,33
DA:102,21
DA:103,21
DA:104,13
DA:106,33
DA:107,33
DA:108,33
DA:121,35
DA:122,7
DA:123,28
DA:147,35
DA:148,35
DA:149,54
DA:150,54
DA:152,35
DA:153,35
DA:154,22
DA:155,22
DA:156,22
DA:157,13
DA:158,7
DA:159,7
DA:161,6
DA:163,35
DA:167,2
LF:44
LH:44
BRDA:42,0,0,35
BRDA:42,0,1,51
BRDA:47,1,0,35
BRDA:47,1,1,51
BRDA:48,2,0,0
BRDA:48,2,1,35
BRDA:49,3,0,2
BRDA:49,3,1,33
BRDA:72,4,0,2
BRDA:72,4,1,119
BRDA:72,5,0,121
BRDA:72,5,1,2
BRDA:73,6,0,0
BRDA:73,6,1,121
BRDA:74,7,0,95
BRDA:74,7,1,26
BRDA:74,8,0,121
BRDA:74,8,1,27
BRDA:75,9,0,62
BRDA:75,9,1,59
BRDA:76,10,0,2
BRDA:76,10,1,119
BRDA:76,11,0,121
BRDA:76,11,1,26
BRDA:101,12,0,21
BRDA:101,12,1,12
BRDA:103,13,0,8
BRDA:103,13,1,13
BRDA:106,14,0,21
BRDA:106,14,1,12
BRDA:121,15,0,7
BRDA:121,15,1,28
BRDA:121,16,0,35
BRDA:121,16,1,29
BRDA:152,17,0,22
BRDA:152,17,1,13
BRDA:153,18,0,22
BRDA:153,18,1,13
BRDA:157,19,0,7
BRDA:157,19,1,6
BRF:40
BRH:38
end_of_record
TN:
SF:/Volumes/x/code/hubot-playbook/src/modules/playbook.js
FN:21,(anonymous_0)
FN:46,(anonymous_1)
FN:63,(anonymous_2)
FN:75,(anonymous_3)
FN:89,(anonymous_4)
FN:105,(anonymous_5)
FN:117,(anonymous_6)
FN:126,(anonymous_7)
FN:136,(anonymous_8)
FN:148,(anonymous_9)
FN:163,(anonymous_10)
FN:179,(anonymous_11)
FN:190,(anonymous_12)
FN:201,(anonymous_13)
FN:216,(anonymous_14)
FN:218,(anonymous_15)
FNF:16
FNH:14
FNDA:38,(anonymous_0)
FNDA:36,(anonymous_1)
FNDA:5,(anonymous_2)
FNDA:13,(anonymous_3)
FNDA:6,(anonymous_4)
FNDA:8,(anonymous_5)
FNDA:1,(anonymous_6)
FNDA:1,(anonymous_7)
FNDA:4,(anonymous_8)
FNDA:9,(anonymous_9)
FNDA:7,(anonymous_10)
FNDA:36,(anonymous_11)
FNDA:39,(anonymous_12)
FNDA:37,(anonymous_13)
FNDA:0,(anonymous_14)
FNDA:0,(anonymous_15)
DA:1,1
DA:2,1
DA:3,1
DA:4,1
DA:5,1
DA:6,1
DA:7,1
DA:22,38
DA:23,38
DA:24,38
DA:25,38
DA:26,38
DA:27,38
DA:28,38
DA:29,38
DA:30,38
DA:31,38
DA:32,38
DA:33,38
DA:34,38
DA:36,38
DA:47,36
DA:48,36
DA:49,36
DA:50,36
DA:51,36
DA:52,36
DA:53,36
DA:64,5
DA:65,5
DA:66,5
DA:76,13
DA:77,13
DA:78,13
DA:90,6
DA:91,6
DA:92,6
DA:93,6
DA:106,8
DA:107,8
DA:108,8
DA:109,8
DA:118,1
DA:127,1
DA:137,4
DA:138,4
DA:139,4
DA:149,9
DA:150,9
DA:151,9
DA:164,7
DA:165,7
DA:166,7
DA:167,7
DA:168,7
DA:180,36
DA:181,36
DA:182,36
DA:191,39
DA:192,39
DA:193,39
DA:202,37
DA:203,37
DA:204,37
DA:205,37
DA:207,37
DA:217,0
DA:218,0
DA:219,0
DA:223,1
LF:70
LH:67
BRDA:22,0,0,38
BRDA:22,0,1,0
BRDA:46,1,0,34
BRDA:48,2,0,0
BRDA:48,2,1,36
BRDA:52,3,0,34
BRDA:52,3,1,2
BRDA:165,4,0,3
BRDA:165,4,1,4
BRDA:166,5,0,2
BRDA:166,5,1,5
BRDA:167,6,0,2
BRDA:167,6,1,5
BRDA:191,7,0,35
BRDA:191,7,1,4
BRDA:202,8,0,37
BRDA:202,8,1,0
BRF:17
BRH:14
end_of_record
TN:
SF:/Volumes/x/code/hubot-playbook/src/modules/scene.js
FN:31,(anonymous_0)
FN:45,(anonymous_1)
FN:55,(anonymous_2)
FN:86,(anonymous_3)
FN:94,(anonymous_4)
FN:95,(anonymous_5)
FN:104,(anonymous_6)
FN:111,(anonymous_7)
FN:121,(anonymous_8)
FN:139,(anonymous_9)
FN:153,(anonymous_10)
FN:190,(anonymous_11)
FN:195,(anonymous_12)
FN:198,(anonymous_13)
FN:206,(anonymous_14)
FN:217,(anonymous_15)
FN:233,(anonymous_16)
FN:245,(anonymous_17)
FN:255,(anonymous_18)
FNF:19
FNH:19
FNDA:95,(anonymous_0)
FNDA:16,(anonymous_1)
FNDA:16,(anonymous_2)
FNDA:22,(anonymous_3)
FNDA:7,(anonymous_4)
FNDA:7,(anonymous_5)
FNDA:3,(anonymous_6)
FNDA:1,(anonymous_7)
FNDA:107,(anonymous_8)
FNDA:18,(anonymous_9)
FNDA:67,(anonymous_10)
FNDA:59,(anonymous_11)
FNDA:5,(anonymous_12)
FNDA:9,(anonymous_13)
FNDA:59,(anonymous_14)
FNDA:21,(anonymous_15)
FNDA:23,(anonymous_16)
FNDA:2,(anonymous_17)
FNDA:75,(anonymous_18)
DA:3,2
DA:4,2
DA:5,2
DA:6,2
DA:7,2
DA:32,95
DA:33,95
DA:36,95
DA:39,95
DA:41,95
DA:42,95
DA:44,94
DA:45,94
DA:56,16
DA:57,16
DA:60,16
DA:61,3
DA:62,3
DA:63,3
DA:64,3
DA:66,13
DA:67,13
DA:87,22
DA:88,21
DA:89,21
DA:90,21
DA:94,20
DA:95,7
DA:96,7
DA:105,3
DA:112,1
DA:122,107
DA:123,6
DA:124,96
DA:125,5
DA:140,18
DA:154,67
DA:155,67
DA:158,65
DA:160,65
DA:161,65
DA:165,65
DA:191,59
DA:192,59
DA:193,59
DA:194,59
DA:195,59
DA:196,5
DA:198,59
DA:199,9
DA:200,9
DA:202,59
DA:203,59
DA:204,59
DA:205,59
DA:206,59
DA:207,59
DA:218,21
DA:219,21
DA:220,15
DA:221,15
DA:222,15
DA:223,15
DA:224,15
DA:226,6
DA:227,6
DA:234,23
DA:235,23
DA:236,23
DA:246,2
DA:256,75
DA:260,2
LF:72
LH:72
BRDA:39,0,0,13
BRDA:39,0,1,82
BRDA:42,1,0,1
BRDA:42,1,1,94
BRDA:60,2,0,3
BRDA:60,2,1,13
BRDA:87,3,0,1
BRDA:87,3,1,21
BRDA:88,4,0,2
BRDA:88,4,1,19
BRDA:88,5,0,21
BRDA:88,5,1,2
BRDA:89,6,0,0
BRDA:89,6,1,21
BRDA:90,7,0,1
BRDA:90,7,1,20
BRDA:96,8,0,6
BRDA:96,8,1,1
BRDA:122,9,0,6
BRDA:122,9,1,96
BRDA:122,9,2,5
BRDA:155,10,0,2
BRDA:155,10,1,65
BRDA:158,11,0,10
BRDA:158,11,1,55
BRDA:160,12,0,12
BRDA:160,12,1,53
BRDA:194,13,0,0
BRDA:194,13,1,59
BRDA:194,14,0,59
BRDA:194,14,1,59
BRDA:199,15,0,7
BRDA:199,15,1,2
BRDA:200,16,0,4
BRDA:200,16,1,5
BRDA:217,17,0,1
BRDA:219,18,0,15
BRDA:219,18,1,6
BRF:38
BRH:36
end_of_record
TN:
SF:/Volumes/x/code/hubot-playbook/src/modules/transcript.js
FN:7,(anonymous_0)
FN:10,(anonymous_1)
FN:42,(anonymous_2)
FN:78,(anonymous_3)
FN:107,(anonymous_4)
FN:108,(anonymous_5)
FN:109,(anonymous_6)
FN:132,(anonymous_7)
FN:135,(anonymous_8)
FN:136,(anonymous_9)
FN:138,(anonymous_10)
FN:139,(anonymous_11)
FN:140,(anonymous_12)
FN:151,(anonymous_13)
FN:152,(anonymous_14)
FN:156,(anonymous_15)
FN:167,(anonymous_16)
FN:168,(anonymous_17)
FN:169,(anonymous_18)
FN:192,(anonymous_19)
FN:195,(anonymous_20)
FN:231,(anonymous_21)
FNF:22
FNH:22
FNDA:78,(anonymous_0)
FNDA:58,(anonymous_1)
FNDA:37,(anonymous_2)
FNDA:39,(anonymous_3)
FNDA:2,(anonymous_4)
FNDA:6,(anonymous_5)
FNDA:6,(anonymous_6)
FNDA:12,(anonymous_7)
FNDA:11,(anonymous_8)
FNDA:7,(anonymous_9)
FNDA:8,(anonymous_10)
FNDA:16,(anonymous_11)
FNDA:8,(anonymous_12)
FNDA:3,(anonymous_13)
FNDA:3,(anonymous_14)
FNDA:1,(anonymous_15)
FNDA:4,(anonymous_16)
FNDA:1,(anonymous_17)
FNDA:3,(anonymous_18)
FNDA:5,(anonymous_19)
FNDA:8,(anonymous_20)
FNDA:3,(anonymous_21)
DA:3,2
DA:4,2
DA:6,2
DA:7,78
DA:9,2
DA:10,58
DA:43,37
DA:44,37
DA:51,37
DA:52,37
DA:53,37
DA:55,37
DA:56,10
DA:57,5
DA:59,10
DA:61,37
DA:80,39
DA:81,39
DA:82,39
DA:83,39
DA:84,39
DA:85,32
DA:87,39
DA:88,13
DA:90,39
DA:91,13
DA:94,39
DA:95,4
DA:96,1
DA:99,39
DA:100,39
DA:108,2
DA:109,6
DA:110,6
DA:133,12
DA:134,12
DA:135,12
DA:136,11
DA:138,12
DA:139,8
DA:140,16
DA:152,3
DA:153,3
DA:154,3
DA:156,3
DA:157,1
DA:168,4
DA:169,4
DA:193,5
DA:194,5
DA:195,8
DA:196,4
DA:197,4
DA:232,3
DA:233,3
DA:234,3
DA:235,3
DA:236,3
DA:237,3
DA:238,3
DA:265,2
LF:61
LH:61
BRDA:51,0,0,37
BRDA:51,0,1,0
BRDA:52,1,0,31
BRDA:52,1,1,6
BRDA:53,2,0,31
BRDA:53,2,1,6
BRDA:55,3,0,10
BRDA:55,3,1,27
BRDA:56,4,0,5
BRDA:56,4,1,5
BRDA:61,5,0,27
BRDA:61,5,1,10
BRDA:80,6,0,32
BRDA:80,6,1,7
BRDA:81,7,0,19
BRDA:81,7,1,20
BRDA:83,8,0,1
BRDA:83,8,1,38
BRDA:84,9,0,32
BRDA:84,9,1,7
BRDA:84,10,0,39
BRDA:84,10,1,32
BRDA:87,11,0,13
BRDA:87,11,1,26
BRDA:87,12,0,39
BRDA:87,12,1,19
BRDA:90,13,0,13
BRDA:90,13,1,26
BRDA:90,14,0,39
BRDA:90,14,1,19
BRDA:94,15,0,4
BRDA:94,15,1,35
BRDA:95,16,0,3
BRDA:95,16,1,1
BRDA:95,17,0,4
BRDA:95,17,1,3
BRDA:153,18,0,3
BRDA:153,18,1,0
BRDA:157,19,0,0
BRDA:157,19,1,1
BRDA:194,20,0,1
BRDA:194,20,1,4
BRDA:232,21,0,2
BRDA:232,21,1,1
BRDA:233,22,0,3
BRDA:233,22,1,0
BRDA:236,23,0,2
BRDA:236,23,1,1
BRDA:237,24,0,3
BRDA:237,24,1,0
BRF:50
BRH:45
end_of_record
TN:
SF:/Volumes/x/code/hubot-playbook/test/unit/07-outline_test.js
FN:10,(anonymous_0)
FN:11,(anonymous_1)
FN:13,(anonymous_2)
FN:15,(anonymous_3)
FN:17,(anonymous_4)
FN:20,(anonymous_5)
FN:21,(anonymous_6)
FN:22,(anonymous_7)
FN:32,(anonymous_8)
FN:33,(anonymous_9)
FN:43,(anonymous_10)
FN:44,(anonymous_11)
FNF:12
FNH:12
FNDA:1,(anonymous_0)
FNDA:3,(anonymous_1)
FNDA:21,(anonymous_2)
FNDA:3,(anonymous_3)
FNDA:21,(anonymous_4)
FNDA:1,(anonymous_5)
FNDA:1,(anonymous_6)
FNDA:1,(anonymous_7)
FNDA:1,(anonymous_8)
FNDA:1,(anonymous_9)
FNDA:1,(anonymous_10)
FNDA:1,(anonymous_11)
DA:1,1
DA:2,1
DA:3,1
DA:4,1
DA:5,1
DA:6,1
DA:8,1
DA:10,1
DA:11,1
DA:12,3
DA:13,21
DA:15,1
DA:16,3
DA:17,21
DA:20,1
DA:21,1
DA:22,1
DA:23,1
DA:24,1
DA:25,1
DA:26,1
DA:27,1
DA:28,1
DA:32,1
DA:33,1
DA:34,1
DA:35,1
DA:36,1
DA:37,1
DA:38,1
DA:39,1
DA:43,1
DA:44,1
DA:45,1
DA:46,1
DA:47,1
DA:48,1
DA:49,1
DA:50,1
LF:39
LH:39
BRF:0
BRH:0
end_of_record
