TN:
SF:/Volumes/x/code/hubot-playbook/src/index.js
FNF:0
FNH:0
DA:1,1
LF:1
LH:1
BRF:0
BRH:0
end_of_record
TN:
SF:/Volumes/x/code/hubot-playbook/src/modules/base.js
FN:34,(anonymous_0)
FN:51,(anonymous_1)
FN:54,(anonymous_2)
FN:55,(anonymous_3)
FN:56,(anonymous_4)
FN:57,(anonymous_5)
FN:67,(anonymous_6)
FN:78,(anonymous_7)
FN:97,(anonymous_8)
FN:112,(anonymous_9)
FN:126,(anonymous_10)
FN:136,(anonymous_11)
FN:137,(anonymous_12)
FNF:13
FNH:13
FNDA:518,(anonymous_0)
FNDA:405,(anonymous_1)
FNDA:240,(anonymous_2)
FNDA:115,(anonymous_3)
FNDA:5,(anonymous_4)
FNDA:1,(anonymous_5)
FNDA:361,(anonymous_6)
FNDA:19,(anonymous_7)
FNDA:229,(anonymous_8)
FNDA:395,(anonymous_9)
FNDA:368,(anonymous_10)
FNDA:250,(anonymous_11)
FNDA:98,(anonymous_12)
DA:3,2
DA:35,518
DA:36,518
DA:37,518
DA:38,517
DA:40,516
DA:41,516
DA:42,516
DA:43,516
DA:52,405
DA:53,361
DA:54,240
DA:55,115
DA:56,5
DA:57,1
DA:68,361
DA:69,361
DA:70,361
DA:79,19
DA:80,15
DA:81,15
DA:82,15
DA:84,19
DA:85,19
DA:98,229
DA:99,228
DA:100,228
DA:113,395
DA:114,395
DA:115,395
DA:127,368
DA:137,250
DA:138,98
DA:143,2
LF:34
LH:34
BRDA:37,0,0,1
BRDA:37,0,1,517
BRDA:38,1,0,1
BRDA:38,1,1,516
BRDA:41,2,0,163
BRDA:41,2,1,353
BRDA:42,3,0,20
BRDA:42,3,1,496
BRDA:52,4,0,44
BRDA:52,4,1,361
BRDA:69,5,0,1
BRDA:69,5,1,360
BRDA:79,6,0,15
BRDA:79,6,1,4
BRDA:80,7,0,15
BRDA:80,7,1,2
BRDA:81,8,0,0
BRDA:81,8,1,15
BRDA:84,9,0,17
BRDA:84,9,1,2
BRDA:98,10,0,1
BRDA:98,10,1,228
BRDA:113,11,0,0
BRDA:113,11,1,395
BRDA:138,12,0,94
BRDA:138,12,1,4
BRF:26
BRH:24
end_of_record
TN:
SF:/Volumes/x/code/hubot-playbook/src/modules/dialogue.js
FN:29,(anonymous_0)
FN:49,(anonymous_1)
FN:68,(anonymous_2)
FN:72,(anonymous_3)
FN:89,(anonymous_4)
FN:97,(anonymous_5)
FN:107,(anonymous_6)
FN:109,(anonymous_7)
FN:144,(anonymous_8)
FN:151,(anonymous_9)
FN:162,(anonymous_10)
FN:179,(anonymous_11)
FN:184,(anonymous_12)
FNF:13
FNH:13
FNDA:126,(anonymous_0)
FNDA:40,(anonymous_1)
FNDA:23,(anonymous_2)
FNDA:23,(anonymous_3)
FNDA:12,(anonymous_4)
FNDA:82,(anonymous_5)
FNDA:70,(anonymous_6)
FNDA:14,(anonymous_7)
FNDA:54,(anonymous_8)
FNDA:54,(anonymous_9)
FNDA:43,(anonymous_10)
FNDA:24,(anonymous_11)
FNDA:20,(anonymous_12)
DA:3,2
DA:4,2
DA:5,2
DA:30,126
DA:31,126
DA:37,126
DA:38,126
DA:39,126
DA:40,126
DA:41,126
DA:50,40
DA:51,37
DA:52,37
DA:53,17
DA:55,20
DA:57,37
DA:58,37
DA:59,37
DA:70,23
DA:71,22
DA:72,23
DA:73,23
DA:78,23
DA:90,12
DA:91,6
DA:98,82
DA:99,82
DA:108,70
DA:109,70
DA:110,14
DA:111,14
DA:112,14
DA:114,1
DA:116,13
DA:117,13
DA:119,70
DA:146,54
DA:147,54
DA:148,54
DA:149,54
DA:150,54
DA:151,54
DA:163,43
DA:164,43
DA:165,43
DA:180,24
DA:181,20
DA:182,20
DA:183,20
DA:184,20
DA:185,20
DA:186,20
DA:187,20
DA:188,20
DA:193,2
LF:55
LH:55
BRDA:33,0,0,126
BRDA:33,0,1,125
BRDA:34,1,0,126
BRDA:34,1,1,126
BRDA:50,2,0,3
BRDA:50,2,1,37
BRDA:51,3,0,2
BRDA:51,3,1,35
BRDA:52,4,0,17
BRDA:52,4,1,20
BRDA:53,5,0,11
BRDA:53,5,1,6
BRDA:70,6,0,1
BRDA:70,6,1,22
BRDA:90,7,0,6
BRDA:90,7,1,6
BRDA:91,8,0,3
BRDA:91,8,1,3
BRDA:108,9,0,8
BRDA:108,9,1,62
BRDA:146,10,0,7
BRDA:146,10,1,47
BRDA:148,11,0,0
BRDA:148,11,1,54
BRDA:148,12,0,54
BRDA:148,12,1,49
BRDA:150,13,0,16
BRDA:150,13,1,38
BRDA:163,14,0,36
BRDA:163,14,1,7
BRDA:180,15,0,4
BRDA:180,15,1,20
BRDA:180,16,0,24
BRDA:180,16,1,21
BRDA:186,17,0,15
BRDA:186,17,1,5
BRDA:187,18,0,11
BRDA:187,18,1,9
BRF:38
BRH:37
end_of_record
TN:
SF:/Volumes/x/code/hubot-playbook/src/modules/director.js
FN:44,(anonymous_0)
FN:74,(anonymous_1)
FN:86,(anonymous_2)
FN:108,(anonymous_3)
FN:132,(anonymous_4)
FN:136,(anonymous_5)
FN:155,(anonymous_6)
FN:157,(anonymous_7)
FN:159,(anonymous_8)
FN:176,(anonymous_9)
FN:178,(anonymous_10)
FN:180,(anonymous_11)
FN:197,(anonymous_12)
FN:200,(anonymous_13)
FN:201,(anonymous_14)
FNF:15
FNH:15
FNDA:66,(anonymous_0)
FNDA:3,(anonymous_1)
FNDA:3,(anonymous_2)
FNDA:44,(anonymous_3)
FNDA:26,(anonymous_4)
FNDA:26,(anonymous_5)
FNDA:5,(anonymous_6)
FNDA:4,(anonymous_7)
FNDA:4,(anonymous_8)
FNDA:4,(anonymous_9)
FNDA:3,(anonymous_10)
FNDA:3,(anonymous_11)
FNDA:6,(anonymous_12)
FNDA:6,(anonymous_13)
FNDA:6,(anonymous_14)
DA:3,2
DA:4,2
DA:45,66
DA:46,66
DA:47,66
DA:52,66
DA:54,66
DA:55,65
DA:56,64
DA:58,64
DA:59,64
DA:60,58
DA:61,58
DA:62,6
DA:64,64
DA:65,64
DA:75,3
DA:76,3
DA:77,3
DA:87,3
DA:88,3
DA:89,3
DA:110,44
DA:111,42
DA:112,42
DA:113,2
DA:116,44
DA:117,10
DA:118,5
DA:120,34
DA:121,21
DA:123,7
DA:133,26
DA:134,26
DA:135,26
DA:136,26
DA:137,26
DA:138,10
DA:139,10
DA:141,16
DA:142,16
DA:143,16
DA:145,26
DA:156,5
DA:157,5
DA:158,4
DA:159,4
DA:160,4
DA:161,2
DA:162,2
DA:165,5
DA:177,4
DA:178,4
DA:179,3
DA:180,3
DA:181,3
DA:182,2
DA:183,2
DA:186,4
DA:198,6
DA:199,6
DA:200,6
DA:201,6
DA:202,6
DA:203,4
DA:206,6
DA:210,2
LF:67
LH:67
BRDA:45,0,0,14
BRDA:45,0,1,52
BRDA:50,1,0,66
BRDA:50,1,1,65
BRDA:54,2,0,1
BRDA:54,2,1,65
BRDA:55,3,0,1
BRDA:55,3,1,64
BRDA:59,4,0,58
BRDA:59,4,1,6
BRDA:64,5,0,4
BRDA:64,5,1,60
BRDA:65,6,0,60
BRDA:65,6,1,4
BRDA:110,7,0,42
BRDA:110,7,1,2
BRDA:116,8,0,10
BRDA:116,8,1,34
BRDA:117,9,0,5
BRDA:117,9,1,5
BRDA:118,10,0,2
BRDA:118,10,1,3
BRDA:120,11,0,13
BRDA:120,11,1,21
BRDA:121,12,0,17
BRDA:121,12,1,4
BRDA:137,13,0,10
BRDA:137,13,1,16
BRDA:143,14,0,1
BRDA:143,14,1,15
BRDA:158,15,0,0
BRDA:158,15,1,4
BRDA:160,16,0,2
BRDA:160,16,1,2
BRDA:179,17,0,0
BRDA:179,17,1,3
BRDA:181,18,0,1
BRDA:181,18,1,2
BRDA:202,19,0,2
BRDA:202,19,1,4
BRF:40
BRH:38
end_of_record
TN:
SF:/Volumes/x/code/hubot-playbook/src/modules/improv.js
FN:36,(anonymous_0)
FN:60,use
FN:62,(anonymous_2)
FN:82,configure
FN:114,extend
FN:130,matchPaths
FN:149,mergeData
FN:165,(anonymous_7)
FN:167,(anonymous_8)
FN:188,parse
FN:198,(anonymous_10)
FN:199,(anonymous_11)
FN:200,(anonymous_12)
FN:220,render
FN:241,middleware
FN:246,warn
FN:255,remember
FN:266,forget
FN:274,reset
FNF:19
FNH:17
FNDA:60,(anonymous_0)
FNDA:60,use
FNDA:65,(anonymous_2)
FNDA:59,configure
FNDA:10,extend
FNDA:13,matchPaths
FNDA:16,mergeData
FNDA:8,(anonymous_7)
FNDA:3,(anonymous_8)
FNDA:13,parse
FNDA:13,(anonymous_10)
FNDA:11,(anonymous_11)
FNDA:17,(anonymous_12)
FNDA:13,render
FNDA:9,middleware
FNDA:0,warn
FNDA:3,remember
FNDA:0,forget
FNDA:59,reset
DA:3,2
DA:4,2
DA:5,2
DA:9,2
DA:37,60
DA:38,60
DA:39,53
DA:40,53
DA:46,60
DA:61,60
DA:62,65
DA:63,60
DA:65,55
DA:66,55
DA:67,55
DA:69,60
DA:83,59
DA:84,59
DA:85,59
DA:115,10
DA:116,10
DA:117,10
DA:132,13
DA:133,13
DA:134,15
DA:135,13
DA:138,13
DA:150,16
DA:153,16
DA:154,16
DA:157,16
DA:158,16
DA:161,16
DA:162,16
DA:165,7
DA:166,8
DA:167,3
DA:169,8
DA:170,7
DA:172,1
DA:189,13
DA:190,0
DA:194,13
DA:195,13
DA:198,13
DA:199,9
DA:200,17
DA:201,13
DA:203,11
DA:221,13
DA:222,13
DA:224,13
DA:225,9
DA:227,4
DA:228,4
DA:229,3
DA:231,12
DA:242,9
DA:243,9
DA:256,3
DA:257,3
DA:267,0
DA:268,0
DA:275,59
DA:276,59
DA:277,59
DA:280,2
DA:292,2
DA:293,10
DA:294,3
DA:295,2
LF:71
LH:68
BRDA:38,0,0,53
BRDA:38,0,1,7
BRDA:42,1,0,53
BRDA:42,1,1,53
BRDA:43,2,0,53
BRDA:43,2,1,53
BRDA:63,3,0,55
BRDA:63,3,1,5
BRDA:63,4,0,60
BRDA:63,4,1,60
BRDA:65,5,0,55
BRDA:65,5,1,0
BRDA:82,6,0,36
BRDA:83,7,0,0
BRDA:83,7,1,59
BRDA:115,8,0,0
BRDA:115,8,1,10
BRDA:116,9,0,10
BRDA:116,9,1,0
BRDA:135,10,0,13
BRDA:135,10,1,0
BRDA:150,11,0,0
BRDA:150,11,1,16
BRDA:154,12,0,4
BRDA:154,12,1,12
BRDA:158,13,0,5
BRDA:158,13,1,11
BRDA:162,14,0,9
BRDA:162,14,1,7
BRDA:166,15,0,3
BRDA:166,15,1,5
BRDA:169,16,0,7
BRDA:169,16,1,1
BRDA:169,17,0,8
BRDA:169,17,1,3
BRDA:189,18,0,0
BRDA:189,18,1,13
BRDA:195,19,0,4
BRDA:195,19,1,9
BRDA:201,20,0,13
BRDA:201,20,1,0
BRDA:228,21,0,1
BRDA:228,21,1,3
BRF:43
BRH:35
end_of_record
TN:
SF:/Volumes/x/code/hubot-playbook/src/modules/outline.js
FN:32,(anonymous_0)
FN:37,(anonymous_1)
FN:49,(anonymous_2)
FN:68,(anonymous_3)
FN:76,(anonymous_4)
FN:95,(anonymous_5)
FN:96,(anonymous_6)
FN:106,(anonymous_7)
FN:123,(anonymous_8)
FN:127,(anonymous_9)
FN:129,(anonymous_10)
FN:141,(anonymous_11)
FNF:12
FNH:2
FNDA:3,(anonymous_0)
FNDA:0,(anonymous_1)
FNDA:0,(anonymous_2)
FNDA:0,(anonymous_3)
FNDA:0,(anonymous_4)
FNDA:0,(anonymous_5)
FNDA:0,(anonymous_6)
FNDA:0,(anonymous_7)
FNDA:0,(anonymous_8)
FNDA:0,(anonymous_9)
FNDA:0,(anonymous_10)
FNDA:6,(anonymous_11)
DA:3,2
DA:4,2
DA:5,2
DA:33,3
DA:34,3
DA:35,3
DA:36,3
DA:37,3
DA:50,0
DA:51,0
DA:52,0
DA:69,0
DA:70,0
DA:76,0
DA:96,0
DA:107,0
DA:108,0
DA:109,0
DA:110,0
DA:111,0
DA:112,0
DA:113,0
DA:114,0
DA:115,0
DA:124,0
DA:125,0
DA:126,0
DA:127,0
DA:128,0
DA:129,0
DA:130,0
DA:132,0
DA:142,6
DA:143,6
DA:144,4
DA:145,4
DA:146,4
DA:148,0
DA:152,2
LF:39
LH:14
BRDA:52,0,0,0
BRDA:52,0,1,0
BRDA:69,1,0,0
BRDA:69,1,1,0
BRDA:110,2,0,0
BRDA:110,2,1,0
BRDA:111,3,0,0
BRDA:111,3,1,0
BRDA:112,4,0,0
BRDA:112,4,1,0
BRDA:126,5,0,0
BRDA:126,5,1,0
BRDA:143,6,0,2
BRDA:143,6,1,4
BRDA:144,7,0,4
BRDA:144,7,1,0
BRDA:146,8,0,4
BRDA:146,8,1,0
BRF:18
BRH:4
end_of_record
TN:
SF:/Volumes/x/code/hubot-playbook/src/modules/path.js
FN:41,(anonymous_0)
FN:70,(anonymous_1)
FN:98,(anonymous_2)
FN:99,(anonymous_3)
FN:107,(anonymous_4)
FN:120,(anonymous_5)
FN:145,(anonymous_6)
FN:148,(anonymous_7)
FNF:8
FNH:8
FNDA:94,(anonymous_0)
FNDA:129,(anonymous_1)
FNDA:137,(anonymous_2)
FNDA:33,(anonymous_3)
FNDA:33,(anonymous_4)
FNDA:35,(anonymous_5)
FNDA:35,(anonymous_6)
FNDA:54,(anonymous_7)
DA:3,2
DA:4,2
DA:5,2
DA:42,94
DA:43,94
DA:45,94
DA:46,94
DA:47,94
DA:48,35
DA:49,35
DA:50,76
DA:72,129
DA:73,129
DA:74,129
DA:75,129
DA:76,129
DA:77,127
DA:81,127
DA:99,137
DA:101,33
DA:102,21
DA:103,21
DA:104,13
DA:106,33
DA:107,33
DA:108,33
DA:121,35
DA:122,7
DA:123,28
DA:147,35
DA:148,35
DA:149,54
DA:150,54
DA:152,35
DA:153,35
DA:154,22
DA:155,22
DA:156,22
DA:157,13
DA:158,7
DA:159,7
DA:161,6
DA:163,35
DA:167,2
LF:44
LH:44
BRDA:42,0,0,35
BRDA:42,0,1,59
BRDA:47,1,0,35
BRDA:47,1,1,59
BRDA:48,2,0,0
BRDA:48,2,1,35
BRDA:49,3,0,2
BRDA:49,3,1,33
BRDA:72,4,0,2
BRDA:72,4,1,127
BRDA:72,5,0,129
BRDA:72,5,1,2
BRDA:73,6,0,0
BRDA:73,6,1,129
BRDA:74,7,0,103
BRDA:74,7,1,26
BRDA:74,8,0,129
BRDA:74,8,1,27
BRDA:75,9,0,62
BRDA:75,9,1,67
BRDA:76,10,0,2
BRDA:76,10,1,127
BRDA:76,11,0,129
BRDA:76,11,1,26
BRDA:101,12,0,21
BRDA:101,12,1,12
BRDA:103,13,0,8
BRDA:103,13,1,13
BRDA:106,14,0,21
BRDA:106,14,1,12
BRDA:121,15,0,7
BRDA:121,15,1,28
BRDA:121,16,0,35
BRDA:121,16,1,29
BRDA:152,17,0,22
BRDA:152,17,1,13
BRDA:153,18,0,22
BRDA:153,18,1,13
BRDA:157,19,0,7
BRDA:157,19,1,6
BRF:40
BRH:38
end_of_record
TN:
SF:/Volumes/x/code/hubot-playbook/src/modules/playbook.js
FN:21,(anonymous_0)
FN:46,(anonymous_1)
FN:63,(anonymous_2)
FN:75,(anonymous_3)
FN:89,(anonymous_4)
FN:105,(anonymous_5)
FN:117,(anonymous_6)
FN:126,(anonymous_7)
FN:136,(anonymous_8)
FN:148,(anonymous_9)
FN:161,(anonymous_10)
FN:177,(anonymous_11)
FN:186,(anonymous_12)
FN:197,(anonymous_13)
FN:212,(anonymous_14)
FN:214,(anonymous_15)
FNF:16
FNH:14
FNDA:38,(anonymous_0)
FNDA:36,(anonymous_1)
FNDA:5,(anonymous_2)
FNDA:13,(anonymous_3)
FNDA:6,(anonymous_4)
FNDA:8,(anonymous_5)
FNDA:1,(anonymous_6)
FNDA:1,(anonymous_7)
FNDA:4,(anonymous_8)
FNDA:9,(anonymous_9)
FNDA:7,(anonymous_10)
FNDA:36,(anonymous_11)
FNDA:39,(anonymous_12)
FNDA:37,(anonymous_13)
FNDA:0,(anonymous_14)
FNDA:0,(anonymous_15)
DA:1,1
DA:2,1
DA:3,1
DA:4,1
DA:5,1
DA:6,1
DA:7,1
DA:22,38
DA:23,38
DA:24,38
DA:25,38
DA:26,38
DA:27,38
DA:28,38
DA:29,38
DA:30,38
DA:31,38
DA:32,38
DA:33,38
DA:34,38
DA:36,38
DA:47,36
DA:48,36
DA:49,36
DA:50,36
DA:51,36
DA:52,36
DA:53,36
DA:64,5
DA:65,5
DA:66,5
DA:76,13
DA:77,13
DA:78,13
DA:90,6
DA:91,6
DA:92,6
DA:93,6
DA:106,8
DA:107,8
DA:108,8
DA:109,8
DA:118,1
DA:127,1
DA:137,4
DA:138,4
DA:139,4
DA:149,9
DA:150,9
DA:151,9
DA:162,7
DA:163,7
DA:164,7
DA:165,7
DA:166,7
DA:178,36
DA:179,36
DA:180,36
DA:187,39
DA:188,39
DA:189,39
DA:198,37
DA:199,37
DA:200,37
DA:201,37
DA:203,37
DA:213,0
DA:214,0
DA:215,0
DA:219,1
LF:70
LH:67
BRDA:22,0,0,38
BRDA:22,0,1,0
BRDA:46,1,0,34
BRDA:48,2,0,0
BRDA:48,2,1,36
BRDA:52,3,0,34
BRDA:52,3,1,2
BRDA:163,4,0,3
BRDA:163,4,1,4
BRDA:164,5,0,2
BRDA:164,5,1,5
BRDA:165,6,0,2
BRDA:165,6,1,5
BRDA:187,7,0,35
BRDA:187,7,1,4
BRDA:198,8,0,37
BRDA:198,8,1,0
BRF:17
BRH:14
end_of_record
TN:
SF:/Volumes/x/code/hubot-playbook/src/modules/scene.js
FN:31,(anonymous_0)
FN:45,(anonymous_1)
FN:55,(anonymous_2)
FN:93,(anonymous_3)
FN:99,(anonymous_4)
FN:100,(anonymous_5)
FN:101,(anonymous_6)
FN:108,(anonymous_7)
FN:115,(anonymous_8)
FN:125,(anonymous_9)
FN:143,(anonymous_10)
FN:167,(anonymous_11)
FN:174,(anonymous_12)
FN:180,(anonymous_13)
FN:183,(anonymous_14)
FN:183,(anonymous_15)
FN:217,(anonymous_16)
FN:222,(anonymous_17)
FN:225,(anonymous_18)
FN:243,(anonymous_19)
FN:259,(anonymous_20)
FN:271,(anonymous_21)
FN:281,(anonymous_22)
FNF:23
FNH:23
FNDA:98,(anonymous_0)
FNDA:16,(anonymous_1)
FNDA:16,(anonymous_2)
FNDA:22,(anonymous_3)
FNDA:7,(anonymous_4)
FNDA:6,(anonymous_5)
FNDA:1,(anonymous_6)
FNDA:3,(anonymous_7)
FNDA:1,(anonymous_8)
FNDA:152,(anonymous_9)
FNDA:19,(anonymous_10)
FNDA:69,(anonymous_11)
FNDA:50,(anonymous_12)
FNDA:67,(anonymous_13)
FNDA:60,(anonymous_14)
FNDA:60,(anonymous_15)
FNDA:60,(anonymous_16)
FNDA:5,(anonymous_17)
FNDA:9,(anonymous_18)
FNDA:64,(anonymous_19)
FNDA:23,(anonymous_20)
FNDA:2,(anonymous_21)
FNDA:77,(anonymous_22)
DA:3,2
DA:4,2
DA:5,2
DA:6,2
DA:7,2
DA:32,98
DA:33,98
DA:36,98
DA:39,98
DA:41,98
DA:42,98
DA:44,97
DA:45,97
DA:56,16
DA:57,16
DA:60,16
DA:61,3
DA:62,3
DA:63,3
DA:64,3
DA:66,13
DA:67,13
DA:94,22
DA:95,21
DA:96,21
DA:97,21
DA:99,20
DA:100,7
DA:101,1
DA:109,3
DA:116,1
DA:126,152
DA:127,11
DA:128,132
DA:129,9
DA:144,19
DA:168,69
DA:169,69
DA:172,67
DA:174,50
DA:175,67
DA:176,67
DA:179,67
DA:180,67
DA:181,67
DA:182,60
DA:183,60
DA:184,60
DA:185,43
DA:192,67
DA:218,60
DA:219,60
DA:220,60
DA:221,60
DA:222,60
DA:223,5
DA:225,60
DA:226,9
DA:227,9
DA:229,60
DA:230,60
DA:231,60
DA:232,60
DA:233,60
DA:244,64
DA:245,64
DA:246,55
DA:247,55
DA:248,55
DA:249,55
DA:250,55
DA:252,9
DA:253,9
DA:260,23
DA:261,23
DA:262,23
DA:272,2
DA:282,77
DA:286,2
LF:79
LH:79
BRDA:39,0,0,13
BRDA:39,0,1,85
BRDA:42,1,0,1
BRDA:42,1,1,97
BRDA:60,2,0,3
BRDA:60,2,1,13
BRDA:94,3,0,1
BRDA:94,3,1,21
BRDA:95,4,0,2
BRDA:95,4,1,19
BRDA:95,5,0,21
BRDA:95,5,1,2
BRDA:96,6,0,0
BRDA:96,6,1,21
BRDA:97,7,0,1
BRDA:97,7,1,20
BRDA:126,8,0,11
BRDA:126,8,1,132
BRDA:126,8,2,9
BRDA:169,9,0,2
BRDA:169,9,1,67
BRDA:172,10,0,11
BRDA:172,10,1,56
BRDA:175,11,0,12
BRDA:175,11,1,55
BRDA:181,12,0,60
BRDA:181,12,1,7
BRDA:184,13,0,17
BRDA:184,13,1,43
BRDA:221,14,0,0
BRDA:221,14,1,60
BRDA:221,15,0,60
BRDA:221,15,1,60
BRDA:226,16,0,9
BRDA:226,16,1,0
BRDA:227,17,0,4
BRDA:227,17,1,5
BRDA:243,18,0,1
BRDA:245,19,0,55
BRDA:245,19,1,9
BRF:40
BRH:37
end_of_record
TN:
SF:/Volumes/x/code/hubot-playbook/src/modules/transcript.js
FN:7,(anonymous_0)
FN:10,(anonymous_1)
FN:40,(anonymous_2)
FN:76,(anonymous_3)
FN:105,(anonymous_4)
FN:106,(anonymous_5)
FN:107,(anonymous_6)
FN:112,(anonymous_7)
FN:122,(anonymous_8)
FN:125,(anonymous_9)
FN:126,(anonymous_10)
FN:128,(anonymous_11)
FN:129,(anonymous_12)
FN:130,(anonymous_13)
FN:141,(anonymous_14)
FN:142,(anonymous_15)
FN:146,(anonymous_16)
FN:157,(anonymous_17)
FN:158,(anonymous_18)
FN:159,(anonymous_19)
FN:182,(anonymous_20)
FN:185,(anonymous_21)
FN:221,(anonymous_22)
FNF:23
FNH:22
FNDA:78,(anonymous_0)
FNDA:58,(anonymous_1)
FNDA:37,(anonymous_2)
FNDA:39,(anonymous_3)
FNDA:2,(anonymous_4)
FNDA:6,(anonymous_5)
FNDA:6,(anonymous_6)
FNDA:0,(anonymous_7)
FNDA:12,(anonymous_8)
FNDA:11,(anonymous_9)
FNDA:7,(anonymous_10)
FNDA:8,(anonymous_11)
FNDA:16,(anonymous_12)
FNDA:8,(anonymous_13)
FNDA:3,(anonymous_14)
FNDA:3,(anonymous_15)
FNDA:3,(anonymous_16)
FNDA:4,(anonymous_17)
FNDA:1,(anonymous_18)
FNDA:3,(anonymous_19)
FNDA:5,(anonymous_20)
FNDA:8,(anonymous_21)
FNDA:3,(anonymous_22)
DA:3,2
DA:4,2
DA:6,2
DA:7,78
DA:9,2
DA:10,58
DA:41,37
DA:42,37
DA:49,37
DA:50,37
DA:51,37
DA:53,37
DA:54,10
DA:55,5
DA:57,10
DA:59,37
DA:78,39
DA:79,39
DA:80,39
DA:81,39
DA:82,39
DA:83,32
DA:85,39
DA:86,13
DA:88,39
DA:89,13
DA:92,39
DA:93,4
DA:94,1
DA:97,39
DA:98,39
DA:106,2
DA:107,6
DA:108,6
DA:123,12
DA:124,12
DA:125,12
DA:126,11
DA:128,12
DA:129,8
DA:130,16
DA:142,3
DA:143,3
DA:144,3
DA:146,3
DA:147,3
DA:158,4
DA:159,4
DA:183,5
DA:184,5
DA:185,8
DA:186,4
DA:187,4
DA:222,3
DA:223,3
DA:224,3
DA:225,3
DA:226,3
DA:227,3
DA:228,3
DA:253,2
LF:61
LH:61
BRDA:49,0,0,37
BRDA:49,0,1,0
BRDA:50,1,0,31
BRDA:50,1,1,6
BRDA:51,2,0,31
BRDA:51,2,1,6
BRDA:53,3,0,10
BRDA:53,3,1,27
BRDA:54,4,0,5
BRDA:54,4,1,5
BRDA:59,5,0,27
BRDA:59,5,1,10
BRDA:78,6,0,32
BRDA:78,6,1,7
BRDA:79,7,0,19
BRDA:79,7,1,20
BRDA:81,8,0,1
BRDA:81,8,1,38
BRDA:82,9,0,32
BRDA:82,9,1,7
BRDA:82,10,0,39
BRDA:82,10,1,32
BRDA:85,11,0,13
BRDA:85,11,1,26
BRDA:85,12,0,39
BRDA:85,12,1,19
BRDA:88,13,0,13
BRDA:88,13,1,26
BRDA:88,14,0,39
BRDA:88,14,1,19
BRDA:92,15,0,4
BRDA:92,15,1,35
BRDA:93,16,0,3
BRDA:93,16,1,1
BRDA:93,17,0,4
BRDA:93,17,1,3
BRDA:143,18,0,3
BRDA:143,18,1,0
BRDA:147,19,0,0
BRDA:147,19,1,3
BRDA:184,20,0,1
BRDA:184,20,1,4
BRDA:222,21,0,2
BRDA:222,21,1,1
BRDA:223,22,0,3
BRDA:223,22,1,0
BRDA:226,23,0,2
BRDA:226,23,1,1
BRDA:227,24,0,3
BRDA:227,24,1,0
BRF:50
BRH:45
end_of_record
TN:
SF:/Volumes/x/code/hubot-playbook/test/unit/07-outline_test.js
FN:10,(anonymous_0)
FN:11,(anonymous_1)
FN:13,(anonymous_2)
FN:15,(anonymous_3)
FN:17,(anonymous_4)
FN:20,(anonymous_5)
FN:21,(anonymous_6)
FN:22,(anonymous_7)
FN:32,(anonymous_8)
FN:33,(anonymous_9)
FN:43,(anonymous_10)
FN:44,(anonymous_11)
FNF:12
FNH:12
FNDA:1,(anonymous_0)
FNDA:3,(anonymous_1)
FNDA:21,(anonymous_2)
FNDA:3,(anonymous_3)
FNDA:21,(anonymous_4)
FNDA:1,(anonymous_5)
FNDA:1,(anonymous_6)
FNDA:1,(anonymous_7)
FNDA:1,(anonymous_8)
FNDA:1,(anonymous_9)
FNDA:1,(anonymous_10)
FNDA:1,(anonymous_11)
DA:1,1
DA:2,1
DA:3,1
DA:4,1
DA:5,1
DA:6,1
DA:8,1
DA:10,1
DA:11,1
DA:12,3
DA:13,21
DA:15,1
DA:16,3
DA:17,21
DA:20,1
DA:21,1
DA:22,1
DA:23,1
DA:24,1
DA:25,1
DA:26,1
DA:27,1
DA:28,1
DA:32,1
DA:33,1
DA:34,1
DA:35,1
DA:36,1
DA:37,1
DA:38,1
DA:39,1
DA:43,1
DA:44,1
DA:45,1
DA:46,1
DA:47,1
DA:48,1
DA:49,1
DA:50,1
LF:39
LH:39
BRF:0
BRH:0
end_of_record
